[2023-05-27 11:37:11] [debug] sql: SELECT * FROM `user` params: []
[2023-05-27 11:40:32] [debug] sql: SELECT * FROM `user` params: []
[2023-05-27 11:40:43] [debug] sql: SELECT * FROM `user` params: []
[2023-05-27 11:41:06] [debug] sql: SELECT * FROM `user` params: []
[2023-05-27 11:41:43] [debug] sql: SELECT * FROM `user` params: []
[2023-05-27 11:41:58] [debug] sql: SELECT * FROM `user` params: []
[2023-05-27 11:42:32] [debug] sql: SELECT * FROM `user` params: []
[2023-05-27 11:43:40] [debug] sql: SELECT * FROM `user` params: []
[2023-05-27 11:44:13] [debug] sql: SELECT * FROM `user` params: []
[2023-05-27 11:44:16] [debug] sql: SELECT * FROM `user` params: []
[2023-05-27 11:45:11] [debug] sql: SELECT * FROM `user` params: []
[2023-05-27 11:49:28] [debug] sql: SELECT * FROM `user` params: []
[2023-05-27 11:49:36] [debug] sql: SELECT * FROM `user` params: []
[2023-05-27 11:49:58] [debug] sql: SELECT * FROM `user` params: []
[2023-05-27 11:50:05] [debug] sql: SELECT * FROM `user` params: []
[2023-05-27 11:50:16] [debug] sql: SELECT * FROM `user` params: []
[2023-05-27 11:50:24] [debug] sql: SELECT * FROM `user` params: []
[2023-05-27 11:50:27] [debug] sql: SELECT * FROM `user` params: []
[2023-05-27 11:50:35] [debug] sql: SELECT * FROM `user` params: []
[2023-05-27 11:50:42] [debug] sql: SELECT * FROM `user` params: []
[2023-05-27 11:50:51] [debug] sql: SELECT * FROM `user` params: []
[2023-05-27 11:50:58] [debug] sql: SELECT * FROM `user` params: []
[2023-05-27 11:51:03] [debug] sql: SELECT * FROM `user` params: []
[2023-05-27 11:51:37] [debug] sql: SELECT * FROM `user` params: []
[2023-05-27 11:51:41] [debug] sql: SELECT * FROM `user` params: []
[2023-05-27 11:51:47] [debug] sql: SELECT * FROM `user` params: []
[2023-05-27 11:52:00] [debug] sql: SELECT * FROM `user` params: []
[2023-05-27 11:52:16] [debug] sql: SELECT * FROM `user` params: []
[2023-05-27 11:52:25] [debug] sql: SELECT * FROM `user` params: []
[2023-05-27 11:52:31] [debug] sql: SELECT * FROM `user` params: []
[2023-05-27 11:53:03] [debug] sql: SELECT * FROM `user` params: []
[2023-05-27 11:53:47] [debug] sql: SELECT * FROM `user` params: []
[2023-05-27 11:53:57] [debug] sql: SELECT * FROM `user` params: []
[2023-05-27 11:54:18] [debug] sql: SELECT * FROM `user` params: []
[2023-05-27 11:54:52] [debug] sql: SELECT * FROM `user` params: []
[2023-05-27 11:54:58] [debug] sql: SELECT * FROM `user` params: []
[2023-05-27 11:58:45] [debug] sql: SELECT * FROM `user` params: []
[2023-05-27 11:59:10] [debug] sql: SELECT * FROM `user` params: []
[2023-05-27 11:59:21] [debug] sql: SELECT * FROM `user` params: []
[2023-05-27 12:00:05] [debug] sql: SELECT * FROM `user` params: []
[2023-05-27 12:00:17] [debug] sql: SELECT * FROM `user` params: []
[2023-05-27 12:01:06] [debug] sql: SELECT * FROM `user` params: []
[2023-05-27 12:01:15] [debug] sql: SELECT * FROM `user` params: []
[2023-05-27 12:01:56] [debug] sql: SELECT * FROM `user` params: []
[2023-05-27 12:02:11] [debug] sql: SELECT * FROM `user` params: []
[2023-05-27 12:02:24] [debug] sql: SELECT * FROM `user` params: []
[2023-05-27 12:02:42] [debug] sql: SELECT * FROM `user` params: []
[2023-05-27 12:03:19] [debug] sql: SELECT * FROM `user` params: []
[2023-05-27 12:03:44] [debug] sql: SELECT * FROM `user` params: []
[2023-05-27 12:04:17] [debug] sql: SELECT * FROM `user` params: []
[2023-05-27 12:04:23] [debug] sql: SELECT * FROM `user` params: []
[2023-05-27 12:04:38] [debug] sql: SELECT * FROM `user` params: []
[2023-05-27 12:04:51] [debug] sql: SELECT * FROM `user` params: []
[2023-05-27 12:04:57] [debug] sql: SELECT * FROM `user` params: []
[2023-05-27 12:05:26] [debug] sql: SELECT * FROM `user` params: []
[2023-05-27 12:06:06] [debug] sql: SELECT * FROM `user` params: []
[2023-05-27 12:06:30] [debug] sql: SELECT * FROM `user` params: []
[2023-05-27 12:07:01] [debug] sql: SELECT * FROM `user` params: []
[2023-05-27 12:07:43] [debug] sql: SELECT * FROM `user` params: []
[2023-05-27 12:08:04] [debug] sql: SELECT * FROM `user` params: []
[2023-05-27 12:08:09] [debug] sql: SELECT * FROM `user` params: []
[2023-05-27 12:08:45] [debug] sql: SELECT * FROM `user` params: []
[2023-05-27 12:08:49] [debug] sql: SELECT * FROM `user` params: []
[2023-05-27 12:09:12] [debug] sql: SELECT * FROM `user` params: []
[2023-05-27 12:09:18] [debug] sql: SELECT * FROM `user` params: []
[2023-05-27 12:09:33] [debug] sql: SELECT * FROM `user` params: []
[2023-05-27 12:09:44] [debug] sql: SELECT * FROM `user` params: []
[2023-05-27 12:10:09] [debug] sql: SELECT * FROM `user` params: []
[2023-05-27 12:10:22] [debug] sql: SELECT * FROM `user` params: []
[2023-05-27 12:15:53] [debug] sql: SELECT * FROM `user` params: []
[2023-05-27 12:16:08] [debug] sql: SELECT * FROM `user` params: []
[2023-05-27 12:16:12] [debug] sql: SELECT * FROM `user` WHERE name like :where_0 params: {"where_0":"%ads%"}
[2023-05-27 12:16:12] [debug] sql: SELECT * FROM `user` WHERE name like :where_0 params: {"where_0":"%ads%"}
[2023-05-27 12:16:12] [debug] sql: SELECT * FROM `user` WHERE name like :where_0 params: {"where_0":"%ads%"}
[2023-05-27 12:16:12] [debug] sql: SELECT * FROM `user` WHERE name like :where_0 params: {"where_0":"%ads%"}
[2023-05-27 12:16:12] [debug] sql: SELECT * FROM `user` WHERE name like :where_0 params: {"where_0":"%ads%"}
[2023-05-27 12:16:12] [debug] sql: SELECT * FROM `user` WHERE name like :where_0 params: {"where_0":"%ads%"}
[2023-05-27 12:16:12] [debug] sql: SELECT * FROM `user` WHERE name like :where_0 params: {"where_0":"%ads%"}
[2023-05-27 12:16:12] [debug] sql: SELECT * FROM `user` WHERE name like :where_0 params: {"where_0":"%ads%"}
[2023-05-27 12:16:12] [debug] sql: SELECT * FROM `user` WHERE name like :where_0 params: {"where_0":"%adsa%"}
[2023-05-27 12:16:12] [debug] sql: SELECT * FROM `user` WHERE name like :where_0 params: {"where_0":"%adsa%"}
[2023-05-27 12:16:12] [debug] sql: SELECT * FROM `user` WHERE name like :where_0 params: {"where_0":"%adsa%"}
[2023-05-27 12:16:12] [debug] sql: SELECT * FROM `user` WHERE name like :where_0 params: {"where_0":"%adsa%"}
[2023-05-27 12:16:12] [debug] sql: SELECT * FROM `user` WHERE name like :where_0 params: {"where_0":"%adsa%"}
[2023-05-27 12:16:12] [debug] sql: SELECT * FROM `user` WHERE name like :where_0 params: {"where_0":"%adsa%"}
[2023-05-27 12:16:12] [debug] sql: SELECT * FROM `user` WHERE name like :where_0 params: {"where_0":"%adsa%"}
[2023-05-27 12:16:12] [debug] sql: SELECT * FROM `user` WHERE name like :where_0 params: {"where_0":"%adsa%"}
[2023-05-27 12:16:12] [debug] sql: SELECT * FROM `user` WHERE name like :where_0 params: {"where_0":"%adsa%"}
[2023-05-27 12:16:12] [debug] sql: SELECT * FROM `user` WHERE name like :where_0 params: {"where_0":"%adsa%"}
[2023-05-27 12:16:12] [debug] sql: SELECT * FROM `user` WHERE name like :where_0 params: {"where_0":"%adsa%"}
[2023-05-27 12:16:12] [debug] sql: SELECT * FROM `user` WHERE name like :where_0 params: {"where_0":"%adsa%"}
[2023-05-27 12:16:12] [debug] sql: SELECT * FROM `user` WHERE name like :where_0 params: {"where_0":"%adsa%"}
[2023-05-27 12:16:12] [debug] sql: SELECT * FROM `user` WHERE name like :where_0 params: {"where_0":"%adsa%"}
[2023-05-27 12:16:12] [debug] sql: SELECT * FROM `user` WHERE name like :where_0 params: {"where_0":"%adsa%"}
[2023-05-27 12:16:12] [debug] sql: SELECT * FROM `user` WHERE name like :where_0 params: {"where_0":"%adsa%"}
[2023-05-27 12:16:12] [debug] sql: SELECT * FROM `user` WHERE name like :where_0 params: {"where_0":"%adsas%"}
[2023-05-27 12:16:12] [debug] sql: SELECT * FROM `user` WHERE name like :where_0 params: {"where_0":"%adsas%"}
[2023-05-27 12:16:12] [debug] sql: SELECT * FROM `user` WHERE name like :where_0 params: {"where_0":"%adsas%"}
[2023-05-27 12:16:12] [debug] sql: SELECT * FROM `user` WHERE name like :where_0 params: {"where_0":"%adsas%"}
[2023-05-27 12:16:13] [debug] sql: SELECT * FROM `user` WHERE name like :where_0 params: {"where_0":"%adsas%"}
[2023-05-27 12:16:13] [debug] sql: SELECT * FROM `user` WHERE name like :where_0 params: {"where_0":"%adsas%"}
[2023-05-27 12:16:13] [debug] sql: SELECT * FROM `user` WHERE name like :where_0 params: {"where_0":"%adsas%"}
[2023-05-27 12:16:13] [debug] sql: SELECT * FROM `user` WHERE name like :where_0 params: {"where_0":"%adsas%"}
[2023-05-27 12:16:13] [debug] sql: SELECT * FROM `user` WHERE name like :where_0 params: {"where_0":"%adsas%"}
[2023-05-27 12:16:13] [debug] sql: SELECT * FROM `user` WHERE name like :where_0 params: {"where_0":"%adsas%"}
[2023-05-27 12:16:13] [debug] sql: SELECT * FROM `user` WHERE name like :where_0 params: {"where_0":"%adsas%"}
[2023-05-27 12:16:13] [debug] sql: SELECT * FROM `user` WHERE name like :where_0 params: {"where_0":"%adsas%"}
[2023-05-27 12:16:13] [debug] sql: SELECT * FROM `user` WHERE name like :where_0 params: {"where_0":"%adsas%"}
[2023-05-27 12:16:13] [debug] sql: SELECT * FROM `user` WHERE name like :where_0 params: {"where_0":"%adsas%"}
[2023-05-27 12:16:13] [debug] sql: SELECT * FROM `user` WHERE name like :where_0 params: {"where_0":"%adsas%"}
[2023-05-27 12:16:13] [debug] sql: SELECT * FROM `user` WHERE name like :where_0 params: {"where_0":"%adsas%"}
[2023-05-27 12:16:13] [debug] sql: SELECT * FROM `user` WHERE name like :where_0 params: {"where_0":"%adsas%"}
[2023-05-27 12:16:13] [debug] sql: SELECT * FROM `user` WHERE name like :where_0 params: {"where_0":"%adsas%"}
[2023-05-27 12:16:13] [debug] sql: SELECT * FROM `user` WHERE name like :where_0 params: {"where_0":"%adsas%"}
[2023-05-27 12:16:13] [debug] sql: SELECT * FROM `user` WHERE name like :where_0 params: {"where_0":"%adsas%"}
[2023-05-27 12:16:13] [debug] sql: SELECT * FROM `user` WHERE name like :where_0 params: {"where_0":"%adsas%"}
[2023-05-27 12:16:13] [debug] sql: SELECT * FROM `user` WHERE name like :where_0 params: {"where_0":"%adsas%"}
[2023-05-27 12:16:13] [debug] sql: SELECT * FROM `user` WHERE name like :where_0 params: {"where_0":"%adsas%"}
[2023-05-27 12:16:13] [debug] sql: SELECT * FROM `user` WHERE name like :where_0 params: {"where_0":"%adsas%"}
[2023-05-27 12:16:13] [debug] sql: SELECT * FROM `user` WHERE name like :where_0 params: {"where_0":"%adsas%"}
[2023-05-27 12:16:13] [debug] sql: SELECT * FROM `user` WHERE name like :where_0 params: {"where_0":"%adsas%"}
[2023-05-27 12:16:13] [debug] sql: SELECT * FROM `user` WHERE name like :where_0 params: {"where_0":"%adsas%"}
[2023-05-27 12:16:13] [debug] sql: SELECT * FROM `user` WHERE name like :where_0 params: {"where_0":"%adsas%"}
[2023-05-27 12:16:13] [debug] sql: SELECT * FROM `user` WHERE name like :where_0 params: {"where_0":"%adsasd%"}
[2023-05-27 12:16:13] [debug] sql: SELECT * FROM `user` WHERE name like :where_0 params: {"where_0":"%adsasd%"}
[2023-05-27 12:16:13] [debug] sql: SELECT * FROM `user` WHERE name like :where_0 params: {"where_0":"%adsasd%"}
[2023-05-27 12:16:13] [debug] sql: SELECT * FROM `user` WHERE name like :where_0 params: {"where_0":"%adsasd%"}
[2023-05-27 12:16:13] [debug] sql: SELECT * FROM `user` WHERE name like :where_0 params: {"where_0":"%adsasd%"}
[2023-05-27 12:16:13] [debug] sql: SELECT * FROM `user` WHERE name like :where_0 params: {"where_0":"%adsasd%"}
[2023-05-27 12:16:13] [debug] sql: SELECT * FROM `user` WHERE name like :where_0 params: {"where_0":"%adsasd%"}
[2023-05-27 12:16:13] [debug] sql: SELECT * FROM `user` WHERE name like :where_0 params: {"where_0":"%adsasd%"}
[2023-05-27 12:16:13] [debug] sql: SELECT * FROM `user` WHERE name like :where_0 params: {"where_0":"%adsasd%"}
[2023-05-27 12:16:13] [debug] sql: SELECT * FROM `user` WHERE name like :where_0 params: {"where_0":"%adsasd%"}
[2023-05-27 12:16:13] [debug] sql: SELECT * FROM `user` WHERE name like :where_0 params: {"where_0":"%adsasd%"}
[2023-05-27 12:16:13] [debug] sql: SELECT * FROM `user` WHERE name like :where_0 params: {"where_0":"%adsasd%"}
[2023-05-27 12:16:13] [debug] sql: SELECT * FROM `user` WHERE name like :where_0 params: {"where_0":"%adsasd%"}
[2023-05-27 12:16:13] [debug] sql: SELECT * FROM `user` WHERE name like :where_0 params: {"where_0":"%adsasd%"}
[2023-05-27 12:16:13] [debug] sql: SELECT * FROM `user` WHERE name like :where_0 params: {"where_0":"%adsasd%"}
[2023-05-27 12:16:13] [debug] sql: SELECT * FROM `user` WHERE name like :where_0 params: {"where_0":"%adsasd%"}
[2023-05-27 12:16:13] [debug] sql: SELECT * FROM `user` WHERE name like :where_0 params: {"where_0":"%adsasd%"}
[2023-05-27 12:16:13] [debug] sql: SELECT * FROM `user` WHERE name like :where_0 params: {"where_0":"%adsasd%"}
[2023-05-27 12:16:13] [debug] sql: SELECT * FROM `user` WHERE name like :where_0 params: {"where_0":"%adsasd%"}
[2023-05-27 12:16:13] [debug] sql: SELECT * FROM `user` WHERE name like :where_0 params: {"where_0":"%adsasd%"}
[2023-05-27 12:16:13] [debug] sql: SELECT * FROM `user` WHERE name like :where_0 params: {"where_0":"%adsasd%"}
[2023-05-27 12:16:13] [debug] sql: SELECT * FROM `user` WHERE name like :where_0 params: {"where_0":"%adsasd%"}
[2023-05-27 12:16:13] [debug] sql: SELECT * FROM `user` WHERE name like :where_0 params: {"where_0":"%adsasd%"}
[2023-05-27 12:16:13] [debug] sql: SELECT * FROM `user` WHERE name like :where_0 params: {"where_0":"%adsasd%"}
[2023-05-27 12:16:13] [debug] sql: SELECT * FROM `user` WHERE name like :where_0 params: {"where_0":"%adsasd%"}
[2023-05-27 12:16:13] [debug] sql: SELECT * FROM `user` WHERE name like :where_0 params: {"where_0":"%adsasd%"}
[2023-05-27 12:16:13] [debug] sql: SELECT * FROM `user` WHERE name like :where_0 params: {"where_0":"%adsasd%"}
[2023-05-27 12:16:13] [debug] sql: SELECT * FROM `user` WHERE name like :where_0 params: {"where_0":"%adsasd%"}
[2023-05-27 12:16:13] [debug] sql: SELECT * FROM `user` WHERE name like :where_0 params: {"where_0":"%adsasd%"}
[2023-05-27 12:16:13] [debug] sql: SELECT * FROM `user` WHERE name like :where_0 params: {"where_0":"%adsasd%"}
[2023-05-27 12:16:13] [debug] sql: SELECT * FROM `user` WHERE name like :where_0 params: {"where_0":"%adsasd%"}
[2023-05-27 12:16:13] [debug] sql: SELECT * FROM `user` WHERE name like :where_0 params: {"where_0":"%adsasd%"}
[2023-05-27 12:16:13] [debug] sql: SELECT * FROM `user` WHERE name like :where_0 params: {"where_0":"%adsasd%"}
[2023-05-27 12:16:13] [debug] sql: SELECT * FROM `user` WHERE name like :where_0 params: {"where_0":"%adsasd%"}
[2023-05-27 12:16:13] [debug] sql: SELECT * FROM `user` WHERE name like :where_0 params: {"where_0":"%adsasd%"}
[2023-05-27 12:16:13] [debug] sql: SELECT * FROM `user` WHERE name like :where_0 params: {"where_0":"%adsasd%"}
[2023-05-27 12:16:13] [debug] sql: SELECT * FROM `user` WHERE name like :where_0 params: {"where_0":"%adsasd%"}
[2023-05-27 12:16:13] [debug] sql: SELECT * FROM `user` WHERE name like :where_0 params: {"where_0":"%adsasd%"}
[2023-05-27 12:16:13] [debug] sql: SELECT * FROM `user` WHERE name like :where_0 params: {"where_0":"%adsasd%"}
[2023-05-27 12:16:13] [debug] sql: SELECT * FROM `user` WHERE name like :where_0 params: {"where_0":"%adsasd%"}
[2023-05-27 12:16:13] [debug] sql: SELECT * FROM `user` WHERE name like :where_0 params: {"where_0":"%adsasd%"}
[2023-05-27 12:16:13] [debug] sql: SELECT * FROM `user` WHERE name like :where_0 params: {"where_0":"%adsasd%"}
[2023-05-27 12:16:13] [debug] sql: SELECT * FROM `user` WHERE name like :where_0 params: {"where_0":"%adsasd%"}
[2023-05-27 12:16:13] [debug] sql: SELECT * FROM `user` WHERE name like :where_0 params: {"where_0":"%adsasd%"}
[2023-05-27 12:16:13] [debug] sql: SELECT * FROM `user` WHERE name like :where_0 params: {"where_0":"%adsasd%"}
[2023-05-27 12:16:13] [debug] sql: SELECT * FROM `user` WHERE name like :where_0 params: {"where_0":"%adsasd%"}
[2023-05-27 12:16:13] [debug] sql: SELECT * FROM `user` WHERE name like :where_0 params: {"where_0":"%adsasd%"}
[2023-05-27 12:16:13] [debug] sql: SELECT * FROM `user` WHERE name like :where_0 params: {"where_0":"%adsasd%"}
[2023-05-27 12:16:13] [debug] sql: SELECT * FROM `user` WHERE name like :where_0 params: {"where_0":"%adsasd%"}
[2023-05-27 12:16:13] [debug] sql: SELECT * FROM `user` WHERE name like :where_0 params: {"where_0":"%adsasd%"}
[2023-05-27 12:16:16] [debug] sql: SELECT * FROM `user` params: []
[2023-05-27 12:16:28] [debug] sql: SELECT * FROM `user` params: []
[2023-05-27 12:16:41] [debug] sql: SELECT * FROM `user` params: []
[2023-05-27 12:17:05] [debug] sql: SELECT * FROM `user` params: []
[2023-05-27 12:17:25] [debug] sql: SELECT * FROM `user` params: []
[2023-05-27 12:17:44] [debug] sql: SELECT * FROM `user` params: []
[2023-05-27 12:18:16] [debug] sql: SELECT * FROM `user` params: []
[2023-05-27 12:18:26] [debug] sql: SELECT * FROM `user` params: []
[2023-05-27 12:18:31] [debug] sql: SELECT * FROM `user` params: []
[2023-05-27 12:18:34] [debug] sql: SELECT * FROM `user` params: []
[2023-05-27 12:18:47] [debug] sql: SELECT * FROM `user` params: []
[2023-05-27 12:19:04] [debug] sql: SELECT * FROM `user` params: []
[2023-05-27 12:19:13] [debug] sql: SELECT * FROM `user` params: []
[2023-05-27 12:19:35] [debug] sql: SELECT * FROM `user` params: []
[2023-05-27 12:19:54] [debug] sql: SELECT * FROM `user` params: []
[2023-05-27 12:20:07] [debug] sql: SELECT * FROM `user` params: []
[2023-05-27 12:20:29] [debug] sql: SELECT * FROM `user` params: []
[2023-05-27 12:20:55] [debug] sql: SELECT * FROM `user` params: []
[2023-05-27 12:21:01] [debug] sql: SELECT * FROM `user` params: []
[2023-05-27 12:21:17] [debug] sql: SELECT * FROM `user` params: []
[2023-05-27 12:21:25] [debug] sql: SELECT * FROM `user` params: []
[2023-05-27 12:21:36] [debug] sql: SELECT * FROM `user` params: []
[2023-05-27 12:21:43] [debug] sql: SELECT * FROM `user` params: []
[2023-05-27 12:21:50] [debug] sql: SELECT * FROM `user` params: []
[2023-05-27 12:21:59] [debug] sql: SELECT * FROM `user` params: []
[2023-05-27 12:22:11] [debug] sql: SELECT * FROM `user` params: []
[2023-05-27 12:22:19] [debug] sql: SELECT * FROM `user` params: []
[2023-05-27 12:22:45] [debug] sql: SELECT * FROM `user` params: []
[2023-05-27 12:23:23] [debug] sql: SELECT * FROM `user` params: []
[2023-05-27 12:23:29] [debug] sql: SELECT * FROM `user` params: []
[2023-05-27 12:23:38] [debug] sql: SELECT * FROM `user` params: []
[2023-05-27 12:23:42] [debug] sql: SELECT * FROM `user` params: []
[2023-05-27 12:23:48] [debug] sql: SELECT * FROM `user` params: []
[2023-05-27 12:25:10] [debug] sql: SELECT * FROM `user` params: []
[2023-05-27 12:25:22] [debug] sql: SELECT * FROM `user` params: []
[2023-05-27 12:25:34] [debug] sql: SELECT * FROM `user` params: []
[2023-05-27 12:25:45] [debug] sql: SELECT * FROM `user` params: []
[2023-05-27 12:25:55] [debug] sql: SELECT * FROM `user` params: []
[2023-05-27 12:26:27] [debug] sql: SELECT * FROM `user` params: []
[2023-05-27 12:26:34] [debug] sql: SELECT * FROM `user` params: []
[2023-05-27 12:26:46] [debug] sql: SELECT * FROM `user` params: []
[2023-05-27 12:26:54] [debug] sql: SELECT * FROM `user` params: []
[2023-05-27 12:27:33] [debug] sql: SELECT * FROM `user` params: []
[2023-05-27 12:27:39] [debug] sql: SELECT * FROM `user` params: []
[2023-05-27 12:27:58] [debug] sql: SELECT * FROM `user` params: []
[2023-05-27 12:28:18] [debug] sql: SELECT * FROM `user` params: []
[2023-05-27 12:28:46] [debug] sql: SELECT * FROM `user` params: []
[2023-05-27 12:29:38] [debug] sql: SELECT * FROM `user` params: []
[2023-05-27 12:29:43] [debug] sql: SELECT * FROM `user` WHERE name like :where_0 params: {"where_0":"%a%"}
[2023-05-27 12:30:29] [debug] sql: SELECT * FROM `user` params: []
[2023-05-27 12:31:03] [debug] sql: SELECT * FROM `user` params: []
[2023-05-27 12:32:12] [debug] sql: SELECT * FROM `user` params: []
[2023-05-27 12:32:39] [debug] sql: SELECT * FROM `user` params: []
[2023-05-27 12:33:24] [debug] sql: SELECT * FROM `user` params: []
[2023-05-27 12:33:47] [debug] sql: SELECT * FROM `user` params: []
[2023-05-27 12:34:26] [debug] sql: SELECT * FROM `user` params: []
[2023-05-27 12:34:55] [debug] sql: SELECT * FROM `user` params: []
[2023-05-27 12:35:03] [debug] sql: SELECT * FROM `user` params: []
[2023-05-27 12:35:07] [debug] sql: SELECT * FROM `user` params: []
[2023-05-27 12:35:12] [debug] sql: SELECT * FROM `user` params: []
[2023-05-27 12:35:24] [debug] sql: SELECT * FROM `user` params: []
[2023-05-27 12:35:35] [debug] sql: SELECT * FROM `user` params: []
[2023-05-27 12:36:22] [debug] sql: SELECT * FROM `user` params: []
[2023-05-27 12:36:52] [debug] sql: SELECT * FROM `user` params: []
[2023-05-27 12:37:14] [debug] sql: SELECT * FROM `user` params: []
[2023-05-27 12:37:34] [debug] sql: SELECT * FROM `user` WHERE name like :where_0 params: {"where_0":"%\u00e0%"}
[2023-05-27 12:37:34] [debug] sql: SELECT * FROM `user` WHERE name like :where_0 params: {"where_0":"%\u00e0%"}
[2023-05-27 12:37:42] [debug] sql: SELECT * FROM `user` WHERE name like :where_0 params: {"where_0":"%velm%"}
[2023-05-27 12:37:42] [debug] sql: SELECT * FROM `user` WHERE name like :where_0 params: {"where_0":"%velm%"}
[2023-05-27 12:37:42] [debug] sql: SELECT * FROM `user` WHERE name like :where_0 params: {"where_0":"%velm%"}
[2023-05-27 12:37:42] [debug] sql: SELECT * FROM `user` WHERE name like :where_0 params: {"where_0":"%velm%"}
[2023-05-27 12:37:42] [debug] sql: SELECT * FROM `user` WHERE name like :where_0 params: {"where_0":"%velm%"}
[2023-05-27 12:37:42] [debug] sql: SELECT * FROM `user` WHERE name like :where_0 params: {"where_0":"%velm%"}
[2023-05-27 12:37:42] [debug] sql: SELECT * FROM `user` WHERE name like :where_0 params: {"where_0":"%velm%"}
[2023-05-27 12:37:42] [debug] sql: SELECT * FROM `user` WHERE name like :where_0 params: {"where_0":"%velm%"}
[2023-05-27 12:37:42] [debug] sql: SELECT * FROM `user` WHERE name like :where_0 params: {"where_0":"%velm%"}
[2023-05-27 12:37:42] [debug] sql: SELECT * FROM `user` WHERE name like :where_0 params: {"where_0":"%velm%"}
[2023-05-27 12:37:42] [debug] sql: SELECT * FROM `user` WHERE name like :where_0 params: {"where_0":"%velm%"}
[2023-05-27 12:37:42] [debug] sql: SELECT * FROM `user` WHERE name like :where_0 params: {"where_0":"%velm%"}
[2023-05-27 12:37:42] [debug] sql: SELECT * FROM `user` WHERE name like :where_0 params: {"where_0":"%velm%"}
[2023-05-27 12:37:42] [debug] sql: SELECT * FROM `user` WHERE name like :where_0 params: {"where_0":"%velm%"}
[2023-05-27 12:37:42] [debug] sql: SELECT * FROM `user` WHERE name like :where_0 params: {"where_0":"%velm%"}
[2023-05-27 12:37:42] [debug] sql: SELECT * FROM `user` WHERE name like :where_0 params: {"where_0":"%velm%"}
[2023-05-27 12:37:42] [debug] sql: SELECT * FROM `user` WHERE name like :where_0 params: {"where_0":"%velm%"}
[2023-05-27 12:37:42] [debug] sql: SELECT * FROM `user` WHERE name like :where_0 params: {"where_0":"%velm%"}
[2023-05-27 12:37:42] [debug] sql: SELECT * FROM `user` WHERE name like :where_0 params: {"where_0":"%velm%"}
[2023-05-27 12:37:42] [debug] sql: SELECT * FROM `user` WHERE name like :where_0 params: {"where_0":"%velm%"}
[2023-05-27 12:37:42] [debug] sql: SELECT * FROM `user` WHERE name like :where_0 params: {"where_0":"%velm%"}
[2023-05-27 12:37:42] [debug] sql: SELECT * FROM `user` WHERE name like :where_0 params: {"where_0":"%velm%"}
[2023-05-27 12:37:42] [debug] sql: SELECT * FROM `user` WHERE name like :where_0 params: {"where_0":"%velm%"}
[2023-05-27 12:37:42] [debug] sql: SELECT * FROM `user` WHERE name like :where_0 params: {"where_0":"%velm%"}
[2023-05-27 12:37:42] [debug] sql: SELECT * FROM `user` WHERE name like :where_0 params: {"where_0":"%velm%"}
[2023-05-27 12:37:42] [debug] sql: SELECT * FROM `user` WHERE name like :where_0 params: {"where_0":"%velm%"}
[2023-05-27 12:37:42] [debug] sql: SELECT * FROM `user` WHERE name like :where_0 params: {"where_0":"%velm%"}
[2023-05-27 12:37:42] [debug] sql: SELECT * FROM `user` WHERE name like :where_0 params: {"where_0":"%velm%"}
[2023-05-27 12:37:42] [debug] sql: SELECT * FROM `user` WHERE name like :where_0 params: {"where_0":"%velm%"}
[2023-05-27 12:37:42] [debug] sql: SELECT * FROM `user` WHERE name like :where_0 params: {"where_0":"%velm%"}
[2023-05-27 12:37:42] [debug] sql: SELECT * FROM `user` WHERE name like :where_0 params: {"where_0":"%velm%"}
[2023-05-27 12:37:42] [debug] sql: SELECT * FROM `user` WHERE name like :where_0 params: {"where_0":"%velm%"}
[2023-05-27 12:37:42] [debug] sql: SELECT * FROM `user` WHERE name like :where_0 params: {"where_0":"%velm%"}
[2023-05-27 12:37:42] [debug] sql: SELECT * FROM `user` WHERE name like :where_0 params: {"where_0":"%velm%"}
[2023-05-27 12:37:42] [debug] sql: SELECT * FROM `user` WHERE name like :where_0 params: {"where_0":"%velm%"}
[2023-05-27 12:37:42] [debug] sql: SELECT * FROM `user` WHERE name like :where_0 params: {"where_0":"%velm%"}
[2023-05-27 12:37:42] [debug] sql: SELECT * FROM `user` WHERE name like :where_0 params: {"where_0":"%velm%"}
[2023-05-27 12:37:42] [debug] sql: SELECT * FROM `user` WHERE name like :where_0 params: {"where_0":"%velm%"}
[2023-05-27 12:37:42] [debug] sql: SELECT * FROM `user` WHERE name like :where_0 params: {"where_0":"%velm%"}
[2023-05-27 12:37:42] [debug] sql: SELECT * FROM `user` WHERE name like :where_0 params: {"where_0":"%velm%"}
[2023-05-27 12:37:42] [debug] sql: SELECT * FROM `user` WHERE name like :where_0 params: {"where_0":"%velm%"}
[2023-05-27 12:37:42] [debug] sql: SELECT * FROM `user` WHERE name like :where_0 params: {"where_0":"%velm%"}
[2023-05-27 12:37:42] [debug] sql: SELECT * FROM `user` WHERE name like :where_0 params: {"where_0":"%velm%"}
[2023-05-27 12:37:42] [debug] sql: SELECT * FROM `user` WHERE name like :where_0 params: {"where_0":"%velm%"}
[2023-05-27 12:37:42] [debug] sql: SELECT * FROM `user` WHERE name like :where_0 params: {"where_0":"%velm%"}
[2023-05-27 12:37:42] [debug] sql: SELECT * FROM `user` WHERE name like :where_0 params: {"where_0":"%velm%"}
[2023-05-27 12:37:42] [debug] sql: SELECT * FROM `user` WHERE name like :where_0 params: {"where_0":"%velm%"}
[2023-05-27 12:37:42] [debug] sql: SELECT * FROM `user` WHERE name like :where_0 params: {"where_0":"%velm%"}
[2023-05-27 12:37:42] [debug] sql: SELECT * FROM `user` WHERE name like :where_0 params: {"where_0":"%velm%"}
[2023-05-27 12:37:42] [debug] sql: SELECT * FROM `user` WHERE name like :where_0 params: {"where_0":"%velm%"}
[2023-05-27 12:37:42] [debug] sql: SELECT * FROM `user` WHERE name like :where_0 params: {"where_0":"%velm%"}
[2023-05-27 12:37:42] [debug] sql: SELECT * FROM `user` WHERE name like :where_0 params: {"where_0":"%velm%"}
[2023-05-27 12:37:42] [debug] sql: SELECT * FROM `user` WHERE name like :where_0 params: {"where_0":"%velm%"}
[2023-05-27 12:37:42] [debug] sql: SELECT * FROM `user` WHERE name like :where_0 params: {"where_0":"%velm%"}
[2023-05-27 12:37:42] [debug] sql: SELECT * FROM `user` WHERE name like :where_0 params: {"where_0":"%velm%"}
[2023-05-27 12:37:42] [debug] sql: SELECT * FROM `user` WHERE name like :where_0 params: {"where_0":"%velm%"}
[2023-05-27 12:37:42] [debug] sql: SELECT * FROM `user` WHERE name like :where_0 params: {"where_0":"%velm%"}
[2023-05-27 12:37:42] [debug] sql: SELECT * FROM `user` WHERE name like :where_0 params: {"where_0":"%velm%"}
[2023-05-27 12:37:42] [debug] sql: SELECT * FROM `user` WHERE name like :where_0 params: {"where_0":"%velm%"}
[2023-05-27 12:37:42] [debug] sql: SELECT * FROM `user` WHERE name like :where_0 params: {"where_0":"%velm%"}
[2023-05-27 12:37:42] [debug] sql: SELECT * FROM `user` WHERE name like :where_0 params: {"where_0":"%velm%"}
[2023-05-27 12:37:42] [debug] sql: SELECT * FROM `user` WHERE name like :where_0 params: {"where_0":"%velm%"}
[2023-05-27 12:37:42] [debug] sql: SELECT * FROM `user` WHERE name like :where_0 params: {"where_0":"%velm%"}
[2023-05-27 12:37:42] [debug] sql: SELECT * FROM `user` WHERE name like :where_0 params: {"where_0":"%velm%"}
[2023-05-27 12:37:42] [debug] sql: SELECT * FROM `user` WHERE name like :where_0 params: {"where_0":"%velm%"}
[2023-05-27 12:37:42] [debug] sql: SELECT * FROM `user` WHERE name like :where_0 params: {"where_0":"%velm%"}
[2023-05-27 12:37:42] [debug] sql: SELECT * FROM `user` WHERE name like :where_0 params: {"where_0":"%velm%"}
[2023-05-27 12:37:42] [debug] sql: SELECT * FROM `user` WHERE name like :where_0 params: {"where_0":"%velm%"}
[2023-05-27 12:37:42] [debug] sql: SELECT * FROM `user` WHERE name like :where_0 params: {"where_0":"%velm%"}
[2023-05-27 12:37:42] [debug] sql: SELECT * FROM `user` WHERE name like :where_0 params: {"where_0":"%velm%"}
[2023-05-27 12:37:42] [debug] sql: SELECT * FROM `user` WHERE name like :where_0 params: {"where_0":"%velm%"}
[2023-05-27 12:37:42] [debug] sql: SELECT * FROM `user` WHERE name like :where_0 params: {"where_0":"%velm%"}
[2023-05-27 12:37:42] [debug] sql: SELECT * FROM `user` WHERE name like :where_0 params: {"where_0":"%velm%"}
[2023-05-27 12:37:42] [debug] sql: SELECT * FROM `user` WHERE name like :where_0 params: {"where_0":"%velm%"}
[2023-05-27 12:37:42] [debug] sql: SELECT * FROM `user` WHERE name like :where_0 params: {"where_0":"%velm%"}
[2023-05-27 12:37:42] [debug] sql: SELECT * FROM `user` WHERE name like :where_0 params: {"where_0":"%velm%"}
[2023-05-27 12:37:42] [debug] sql: SELECT * FROM `user` WHERE name like :where_0 params: {"where_0":"%velm%"}
[2023-05-27 12:38:50] [debug] sql: SELECT * FROM `user` params: []
[2023-05-27 12:39:12] [debug] sql: SELECT * FROM `user` params: []
[2023-05-27 12:39:23] [debug] sql: SELECT * FROM `user` params: []
[2023-05-27 12:39:32] [debug] sql: SELECT * FROM `user` params: []
[2023-05-27 12:40:08] [debug] sql: SELECT * FROM `user` params: []
[2023-05-27 12:40:15] [debug] sql: SELECT * FROM `user` params: []
[2023-05-27 12:40:23] [debug] sql: SELECT * FROM `user` params: []
[2023-05-27 12:40:26] [debug] sql: SELECT * FROM `user` params: []
[2023-05-27 12:40:31] [debug] sql: SELECT * FROM `user` params: []
[2023-05-27 12:40:39] [debug] sql: SELECT * FROM `user` params: []
[2023-05-27 12:40:49] [debug] sql: SELECT * FROM `user` params: []
[2023-05-27 12:41:02] [debug] sql: SELECT * FROM `user` params: []
[2023-05-27 12:41:10] [debug] sql: SELECT * FROM `user` params: []
[2023-05-27 12:41:31] [debug] sql: SELECT * FROM `user` params: []
[2023-05-27 12:41:44] [debug] sql: SELECT * FROM `user` params: []
[2023-05-27 12:42:18] [debug] sql: SELECT * FROM `user` params: []
[2023-05-27 12:42:47] [debug] sql: SELECT * FROM `user` params: []
[2023-05-27 12:43:00] [debug] sql: SELECT * FROM `user` params: []
[2023-05-27 12:43:08] [debug] sql: SELECT * FROM `user` params: []
[2023-05-27 12:43:19] [debug] sql: SELECT * FROM `user` params: []
[2023-05-27 12:43:26] [debug] sql: SELECT * FROM `user` params: []
[2023-05-27 12:44:31] [debug] sql: SELECT * FROM `user` params: []
[2023-05-27 12:44:58] [debug] sql: SELECT * FROM `user` params: []
[2023-05-27 12:45:31] [debug] sql: SELECT * FROM `user` params: []
[2023-05-27 12:45:58] [debug] sql: SELECT * FROM `user` params: []
[2023-05-27 12:47:56] [debug] sql: SELECT * FROM `user` params: []
[2023-05-27 12:48:08] [debug] sql: SELECT * FROM `user` params: []
[2023-05-27 12:48:24] [debug] sql: SELECT * FROM `user` params: []
[2023-05-27 12:48:42] [debug] sql: SELECT * FROM `user` params: []
[2023-05-27 12:49:18] [debug] sql: SELECT * FROM `user` params: []
[2023-05-27 12:49:20] [debug] sql: SELECT * FROM `user` WHERE name like :where_0 params: {"where_0":"%a%"}
[2023-05-27 12:49:20] [debug] sql: SELECT * FROM `user` WHERE name like :where_0 params: {"where_0":"%a%"}
[2023-05-27 12:49:40] [debug] sql: SELECT * FROM `user` params: []
[2023-05-27 12:49:43] [debug] sql: SELECT * FROM `user` WHERE name like :where_0 params: {"where_0":"%a%"}
[2023-05-27 12:49:43] [debug] sql: SELECT * FROM `user` WHERE name like :where_0 params: {"where_0":"%a%"}
[2023-05-27 12:49:47] [debug] sql: SELECT * FROM `user` params: []
[2023-05-27 12:49:56] [debug] sql: SELECT * FROM `user` WHERE name like :where_0 params: {"where_0":"%a%"}
[2023-05-27 12:49:56] [debug] sql: SELECT * FROM `user` WHERE name like :where_0 params: {"where_0":"%a%"}
[2023-05-27 12:50:02] [debug] sql: SELECT * FROM `user` params: []
[2023-05-27 12:50:05] [debug] sql: SELECT * FROM `user` params: []
[2023-05-27 12:50:16] [debug] sql: SELECT * FROM `user` params: []
[2023-05-27 12:50:28] [debug] sql: SELECT * FROM `user` params: []
[2023-05-27 12:50:35] [debug] sql: SELECT * FROM `user` params: []
[2023-05-27 12:50:44] [debug] sql: SELECT * FROM `user` params: []
[2023-05-27 12:51:13] [debug] sql: SELECT * FROM `user` params: []
[2023-05-27 12:51:21] [debug] sql: SELECT * FROM `user` params: []
[2023-05-27 12:51:34] [debug] sql: SELECT * FROM `user` params: []
[2023-05-27 12:51:49] [debug] sql: SELECT * FROM `user` params: []
[2023-05-27 12:52:13] [debug] sql: SELECT * FROM `user` params: []
[2023-05-27 12:52:20] [debug] sql: SELECT * FROM `user` params: []
[2023-05-27 12:52:33] [debug] sql: SELECT * FROM `user` params: []
[2023-05-27 12:52:49] [debug] sql: SELECT * FROM `user` params: []
[2023-05-27 12:52:59] [debug] sql: SELECT * FROM `user` params: []
[2023-05-27 12:53:25] [debug] sql: SELECT * FROM `user` params: []
[2023-05-27 12:53:42] [debug] sql: SELECT * FROM `user` params: []
[2023-05-27 12:54:44] [debug] sql: SELECT * FROM `user` params: []
[2023-05-27 12:55:05] [debug] sql: SELECT * FROM `user` params: []
[2023-05-27 12:55:10] [debug] sql: SELECT * FROM `user` params: []
[2023-05-27 12:55:28] [debug] sql: SELECT * FROM `user` params: []
[2023-05-27 12:55:42] [debug] sql: SELECT * FROM `user` params: []
[2023-05-27 12:55:54] [debug] sql: SELECT * FROM `user` params: []
[2023-05-27 12:56:04] [debug] sql: SELECT * FROM `user` params: []
[2023-05-27 12:56:17] [debug] sql: SELECT * FROM `user` params: []
[2023-05-27 12:56:30] [debug] sql: SELECT * FROM `user` params: []
[2023-05-27 12:56:36] [debug] sql: SELECT * FROM `user` params: []
[2023-05-27 12:56:48] [debug] sql: SELECT * FROM `user` params: []
[2023-05-27 12:57:02] [debug] sql: SELECT * FROM `user` params: []
[2023-05-27 12:57:17] [debug] sql: SELECT * FROM `user` params: []
[2023-05-27 12:57:30] [debug] sql: SELECT * FROM `user` params: []
[2023-05-27 12:57:39] [debug] sql: SELECT * FROM `user` params: []
[2023-05-27 12:57:46] [debug] sql: SELECT * FROM `user` params: []
[2023-05-27 12:57:49] [debug] sql: SELECT * FROM `user` WHERE name like :where_0 params: {"where_0":"%a%"}
[2023-05-27 12:57:49] [debug] sql: SELECT * FROM `user` WHERE name like :where_0 params: {"where_0":"%a%"}
[2023-05-27 12:57:54] [debug] sql: SELECT * FROM `user` params: []
[2023-05-27 12:58:05] [debug] sql: SELECT * FROM `user` params: []
[2023-05-27 12:58:21] [debug] sql: SELECT * FROM `user` params: []
[2023-05-27 12:58:26] [debug] sql: SELECT * FROM `user` WHERE name like :where_0 params: {"where_0":"%aasdsa%"}
[2023-05-27 12:58:26] [debug] sql: SELECT * FROM `user` WHERE name like :where_0 params: {"where_0":"%aasdsa%"}
[2023-05-27 12:58:26] [debug] sql: SELECT * FROM `user` WHERE name like :where_0 params: {"where_0":"%aasdsa%"}
[2023-05-27 12:58:26] [debug] sql: SELECT * FROM `user` WHERE name like :where_0 params: {"where_0":"%aasdsa%"}
[2023-05-27 12:58:26] [debug] sql: SELECT * FROM `user` WHERE name like :where_0 params: {"where_0":"%aasdsa%"}
[2023-05-27 12:58:26] [debug] sql: SELECT * FROM `user` WHERE name like :where_0 params: {"where_0":"%aasdsa%"}
[2023-05-27 12:58:26] [debug] sql: SELECT * FROM `user` WHERE name like :where_0 params: {"where_0":"%aasdsa%"}
[2023-05-27 12:58:26] [debug] sql: SELECT * FROM `user` WHERE name like :where_0 params: {"where_0":"%aasdsa%"}
[2023-05-27 12:58:26] [debug] sql: SELECT * FROM `user` WHERE name like :where_0 params: {"where_0":"%aasdsa%"}
[2023-05-27 12:58:26] [debug] sql: SELECT * FROM `user` WHERE name like :where_0 params: {"where_0":"%aasdsa%"}
[2023-05-27 12:58:26] [debug] sql: SELECT * FROM `user` WHERE name like :where_0 params: {"where_0":"%aasdsa%"}
[2023-05-27 12:58:26] [debug] sql: SELECT * FROM `user` WHERE name like :where_0 params: {"where_0":"%aasdsa%"}
[2023-05-27 12:58:26] [debug] sql: SELECT * FROM `user` WHERE name like :where_0 params: {"where_0":"%aasdsa%"}
[2023-05-27 12:58:26] [debug] sql: SELECT * FROM `user` WHERE name like :where_0 params: {"where_0":"%aasdsa%"}
[2023-05-27 12:58:26] [debug] sql: SELECT * FROM `user` WHERE name like :where_0 params: {"where_0":"%aasdsa%"}
[2023-05-27 12:58:26] [debug] sql: SELECT * FROM `user` WHERE name like :where_0 params: {"where_0":"%aasdsa%"}
[2023-05-27 12:58:26] [debug] sql: SELECT * FROM `user` WHERE name like :where_0 params: {"where_0":"%aasdsa%"}
[2023-05-27 12:58:26] [debug] sql: SELECT * FROM `user` WHERE name like :where_0 params: {"where_0":"%aasdsa%"}
[2023-05-27 12:58:26] [debug] sql: SELECT * FROM `user` WHERE name like :where_0 params: {"where_0":"%aasdsa%"}
[2023-05-27 12:58:26] [debug] sql: SELECT * FROM `user` WHERE name like :where_0 params: {"where_0":"%aasdsa%"}
[2023-05-27 12:58:26] [debug] sql: SELECT * FROM `user` WHERE name like :where_0 params: {"where_0":"%aasdsa%"}
[2023-05-27 12:58:26] [debug] sql: SELECT * FROM `user` WHERE name like :where_0 params: {"where_0":"%aasdsa%"}
[2023-05-27 12:58:26] [debug] sql: SELECT * FROM `user` WHERE name like :where_0 params: {"where_0":"%aasdsa%"}
[2023-05-27 12:58:26] [debug] sql: SELECT * FROM `user` WHERE name like :where_0 params: {"where_0":"%aasdsa%"}
[2023-05-27 12:58:26] [debug] sql: SELECT * FROM `user` WHERE name like :where_0 params: {"where_0":"%aasdsa%"}
[2023-05-27 12:58:26] [debug] sql: SELECT * FROM `user` WHERE name like :where_0 params: {"where_0":"%aasdsa%"}
[2023-05-27 12:58:26] [debug] sql: SELECT * FROM `user` WHERE name like :where_0 params: {"where_0":"%aasdsa%"}
[2023-05-27 12:58:26] [debug] sql: SELECT * FROM `user` WHERE name like :where_0 params: {"where_0":"%aasdsa%"}
[2023-05-27 12:58:26] [debug] sql: SELECT * FROM `user` WHERE name like :where_0 params: {"where_0":"%aasdsa%"}
[2023-05-27 12:58:26] [debug] sql: SELECT * FROM `user` WHERE name like :where_0 params: {"where_0":"%aasdsa%"}
[2023-05-27 12:58:26] [debug] sql: SELECT * FROM `user` WHERE name like :where_0 params: {"where_0":"%aasdsa%"}
[2023-05-27 12:58:26] [debug] sql: SELECT * FROM `user` WHERE name like :where_0 params: {"where_0":"%aasdsa%"}
[2023-05-27 12:58:26] [debug] sql: SELECT * FROM `user` WHERE name like :where_0 params: {"where_0":"%aasdsa%"}
[2023-05-27 12:58:27] [debug] sql: SELECT * FROM `user` WHERE name like :where_0 params: {"where_0":"%aasdsa%"}
[2023-05-27 12:58:27] [debug] sql: SELECT * FROM `user` WHERE name like :where_0 params: {"where_0":"%aasdsa%"}
[2023-05-27 12:58:27] [debug] sql: SELECT * FROM `user` WHERE name like :where_0 params: {"where_0":"%aasdsa%"}
[2023-05-27 12:58:27] [debug] sql: SELECT * FROM `user` WHERE name like :where_0 params: {"where_0":"%aasdsa%"}
[2023-05-27 12:58:27] [debug] sql: SELECT * FROM `user` WHERE name like :where_0 params: {"where_0":"%aasdsa%"}
[2023-05-27 12:58:27] [debug] sql: SELECT * FROM `user` WHERE name like :where_0 params: {"where_0":"%aasdsa%"}
[2023-05-27 12:58:27] [debug] sql: SELECT * FROM `user` WHERE name like :where_0 params: {"where_0":"%aasdsa%"}
[2023-05-27 12:58:27] [debug] sql: SELECT * FROM `user` WHERE name like :where_0 params: {"where_0":"%aasdsa%"}
[2023-05-27 12:58:27] [debug] sql: SELECT * FROM `user` WHERE name like :where_0 params: {"where_0":"%aasdsa%"}
[2023-05-27 12:58:27] [debug] sql: SELECT * FROM `user` WHERE name like :where_0 params: {"where_0":"%aasdsa%"}
[2023-05-27 12:58:27] [debug] sql: SELECT * FROM `user` WHERE name like :where_0 params: {"where_0":"%aasdsa%"}
[2023-05-27 12:58:27] [debug] sql: SELECT * FROM `user` WHERE name like :where_0 params: {"where_0":"%aasdsa%"}
[2023-05-27 12:58:27] [debug] sql: SELECT * FROM `user` WHERE name like :where_0 params: {"where_0":"%aasdsa%"}
[2023-05-27 12:58:27] [debug] sql: SELECT * FROM `user` WHERE name like :where_0 params: {"where_0":"%aasdsa%"}
[2023-05-27 12:58:27] [debug] sql: SELECT * FROM `user` WHERE name like :where_0 params: {"where_0":"%aasdsa%"}
[2023-05-27 12:58:27] [debug] sql: SELECT * FROM `user` WHERE name like :where_0 params: {"where_0":"%aasdsa%"}
[2023-05-27 12:58:27] [debug] sql: SELECT * FROM `user` WHERE name like :where_0 params: {"where_0":"%aasdsa%"}
[2023-05-27 12:58:27] [debug] sql: SELECT * FROM `user` WHERE name like :where_0 params: {"where_0":"%aasdsa%"}
[2023-05-27 12:58:27] [debug] sql: SELECT * FROM `user` WHERE name like :where_0 params: {"where_0":"%aasdsa%"}
[2023-05-27 12:58:27] [debug] sql: SELECT * FROM `user` WHERE name like :where_0 params: {"where_0":"%aasdsa%"}
[2023-05-27 12:58:27] [debug] sql: SELECT * FROM `user` WHERE name like :where_0 params: {"where_0":"%aasdsa%"}
[2023-05-27 12:58:27] [debug] sql: SELECT * FROM `user` WHERE name like :where_0 params: {"where_0":"%aasdsa%"}
[2023-05-27 12:58:27] [debug] sql: SELECT * FROM `user` WHERE name like :where_0 params: {"where_0":"%aasdsa%"}
[2023-05-27 12:58:27] [debug] sql: SELECT * FROM `user` WHERE name like :where_0 params: {"where_0":"%aasdsa%"}
[2023-05-27 12:58:27] [debug] sql: SELECT * FROM `user` WHERE name like :where_0 params: {"where_0":"%aasdsa%"}
[2023-05-27 12:58:27] [debug] sql: SELECT * FROM `user` WHERE name like :where_0 params: {"where_0":"%aasdsa%"}
[2023-05-27 12:58:27] [debug] sql: SELECT * FROM `user` WHERE name like :where_0 params: {"where_0":"%aasdsa%"}
[2023-05-27 12:58:27] [debug] sql: SELECT * FROM `user` WHERE name like :where_0 params: {"where_0":"%aasdsa%"}
[2023-05-27 12:58:27] [debug] sql: SELECT * FROM `user` WHERE name like :where_0 params: {"where_0":"%aasdsa%"}
[2023-05-27 12:58:27] [debug] sql: SELECT * FROM `user` WHERE name like :where_0 params: {"where_0":"%aasdsa%"}
[2023-05-27 12:58:27] [debug] sql: SELECT * FROM `user` WHERE name like :where_0 params: {"where_0":"%aasdsa%"}
[2023-05-27 12:58:30] [debug] sql: SELECT * FROM `user` params: []
[2023-05-27 12:58:43] [debug] sql: SELECT * FROM `user` params: []
[2023-05-27 12:58:53] [debug] sql: SELECT * FROM `user` params: []
[2023-05-27 13:00:15] [debug] sql: SELECT * FROM `user` params: []
[2023-05-27 13:01:01] [debug] sql: SELECT * FROM `user` params: []
[2023-05-27 13:01:20] [debug] sql: SELECT * FROM `user` params: []
[2023-05-27 13:02:11] [debug] sql: SELECT * FROM `user` params: []
[2023-05-27 13:02:24] [debug] sql: SELECT * FROM `user` params: []
[2023-05-27 13:02:36] [debug] sql: SELECT * FROM `user` params: []
[2023-05-27 13:02:41] [debug] sql: SELECT * FROM `user` WHERE name like :where_0 params: {"where_0":"%a%"}
[2023-05-27 13:02:41] [debug] sql: SELECT * FROM `user` WHERE name like :where_0 params: {"where_0":"%a%"}
[2023-05-27 13:02:46] [debug] sql: SELECT * FROM `user` WHERE name like :where_0 params: {"where_0":"%velma%"}
[2023-05-27 13:02:46] [debug] sql: SELECT * FROM `user` WHERE name like :where_0 params: {"where_0":"%velma%"}
[2023-05-27 13:02:46] [debug] sql: SELECT * FROM `user` WHERE name like :where_0 params: {"where_0":"%velma%"}
[2023-05-27 13:02:46] [debug] sql: SELECT * FROM `user` WHERE name like :where_0 params: {"where_0":"%velma%"}
[2023-05-27 13:02:46] [debug] sql: SELECT * FROM `user` WHERE name like :where_0 params: {"where_0":"%velma%"}
[2023-05-27 13:02:46] [debug] sql: SELECT * FROM `user` WHERE name like :where_0 params: {"where_0":"%velma%"}
[2023-05-27 13:02:46] [debug] sql: SELECT * FROM `user` WHERE name like :where_0 params: {"where_0":"%velma%"}
[2023-05-27 13:02:46] [debug] sql: SELECT * FROM `user` WHERE name like :where_0 params: {"where_0":"%velma%"}
[2023-05-27 13:02:46] [debug] sql: SELECT * FROM `user` WHERE name like :where_0 params: {"where_0":"%velma%"}
[2023-05-27 13:02:46] [debug] sql: SELECT * FROM `user` WHERE name like :where_0 params: {"where_0":"%velma%"}
[2023-05-27 13:02:46] [debug] sql: SELECT * FROM `user` WHERE name like :where_0 params: {"where_0":"%velma%"}
[2023-05-27 13:02:46] [debug] sql: SELECT * FROM `user` WHERE name like :where_0 params: {"where_0":"%velma%"}
[2023-05-27 13:02:46] [debug] sql: SELECT * FROM `user` WHERE name like :where_0 params: {"where_0":"%velma%"}
[2023-05-27 13:02:46] [debug] sql: SELECT * FROM `user` WHERE name like :where_0 params: {"where_0":"%velma%"}
[2023-05-27 13:02:46] [debug] sql: SELECT * FROM `user` WHERE name like :where_0 params: {"where_0":"%velma%"}
[2023-05-27 13:02:46] [debug] sql: SELECT * FROM `user` WHERE name like :where_0 params: {"where_0":"%velma%"}
[2023-05-27 13:02:46] [debug] sql: SELECT * FROM `user` WHERE name like :where_0 params: {"where_0":"%velma%"}
[2023-05-27 13:02:46] [debug] sql: SELECT * FROM `user` WHERE name like :where_0 params: {"where_0":"%velma%"}
[2023-05-27 13:02:46] [debug] sql: SELECT * FROM `user` WHERE name like :where_0 params: {"where_0":"%velma%"}
[2023-05-27 13:02:46] [debug] sql: SELECT * FROM `user` WHERE name like :where_0 params: {"where_0":"%velma%"}
[2023-05-27 13:02:46] [debug] sql: SELECT * FROM `user` WHERE name like :where_0 params: {"where_0":"%velma%"}
[2023-05-27 13:02:46] [debug] sql: SELECT * FROM `user` WHERE name like :where_0 params: {"where_0":"%velma%"}
[2023-05-27 13:02:46] [debug] sql: SELECT * FROM `user` WHERE name like :where_0 params: {"where_0":"%velma%"}
[2023-05-27 13:02:46] [debug] sql: SELECT * FROM `user` WHERE name like :where_0 params: {"where_0":"%velma%"}
[2023-05-27 13:02:46] [debug] sql: SELECT * FROM `user` WHERE name like :where_0 params: {"where_0":"%velma%"}
[2023-05-27 13:02:46] [debug] sql: SELECT * FROM `user` WHERE name like :where_0 params: {"where_0":"%velma%"}
[2023-05-27 13:02:46] [debug] sql: SELECT * FROM `user` WHERE name like :where_0 params: {"where_0":"%velma%"}
[2023-05-27 13:02:46] [debug] sql: SELECT * FROM `user` WHERE name like :where_0 params: {"where_0":"%velma%"}
[2023-05-27 13:02:46] [debug] sql: SELECT * FROM `user` WHERE name like :where_0 params: {"where_0":"%velma%"}
[2023-05-27 13:02:46] [debug] sql: SELECT * FROM `user` WHERE name like :where_0 params: {"where_0":"%velma%"}
[2023-05-27 13:02:46] [debug] sql: SELECT * FROM `user` WHERE name like :where_0 params: {"where_0":"%velma%"}
[2023-05-27 13:02:46] [debug] sql: SELECT * FROM `user` WHERE name like :where_0 params: {"where_0":"%velma%"}
[2023-05-27 13:02:46] [debug] sql: SELECT * FROM `user` WHERE name like :where_0 params: {"where_0":"%velma%"}
[2023-05-27 13:02:47] [debug] sql: SELECT * FROM `user` WHERE name like :where_0 params: {"where_0":"%velma%"}
[2023-05-27 13:02:47] [debug] sql: SELECT * FROM `user` WHERE name like :where_0 params: {"where_0":"%velma%"}
[2023-05-27 13:02:47] [debug] sql: SELECT * FROM `user` WHERE name like :where_0 params: {"where_0":"%velma%"}
[2023-05-27 13:02:47] [debug] sql: SELECT * FROM `user` WHERE name like :where_0 params: {"where_0":"%velma%"}
[2023-05-27 13:02:47] [debug] sql: SELECT * FROM `user` WHERE name like :where_0 params: {"where_0":"%velma%"}
[2023-05-27 13:02:47] [debug] sql: SELECT * FROM `user` WHERE name like :where_0 params: {"where_0":"%velma%"}
[2023-05-27 13:02:47] [debug] sql: SELECT * FROM `user` WHERE name like :where_0 params: {"where_0":"%velma%"}
[2023-05-27 13:02:47] [debug] sql: SELECT * FROM `user` WHERE name like :where_0 params: {"where_0":"%velma%"}
[2023-05-27 13:02:47] [debug] sql: SELECT * FROM `user` WHERE name like :where_0 params: {"where_0":"%velma%"}
[2023-05-27 13:02:47] [debug] sql: SELECT * FROM `user` WHERE name like :where_0 params: {"where_0":"%velma%"}
[2023-05-27 13:02:47] [debug] sql: SELECT * FROM `user` WHERE name like :where_0 params: {"where_0":"%velma%"}
[2023-05-27 13:02:47] [debug] sql: SELECT * FROM `user` WHERE name like :where_0 params: {"where_0":"%velma%"}
[2023-05-27 13:02:47] [debug] sql: SELECT * FROM `user` WHERE name like :where_0 params: {"where_0":"%velma%"}
[2023-05-27 13:02:47] [debug] sql: SELECT * FROM `user` WHERE name like :where_0 params: {"where_0":"%velma%"}
[2023-05-27 13:02:47] [debug] sql: SELECT * FROM `user` WHERE name like :where_0 params: {"where_0":"%velma%"}
[2023-05-27 13:02:47] [debug] sql: SELECT * FROM `user` WHERE name like :where_0 params: {"where_0":"%velma%"}
[2023-05-27 13:02:47] [debug] sql: SELECT * FROM `user` WHERE name like :where_0 params: {"where_0":"%velma%"}
[2023-05-27 13:02:47] [debug] sql: SELECT * FROM `user` WHERE name like :where_0 params: {"where_0":"%velma%"}
[2023-05-27 13:02:47] [debug] sql: SELECT * FROM `user` WHERE name like :where_0 params: {"where_0":"%velma%"}
[2023-05-27 13:02:47] [debug] sql: SELECT * FROM `user` WHERE name like :where_0 params: {"where_0":"%velma%"}
[2023-05-27 13:02:47] [debug] sql: SELECT * FROM `user` WHERE name like :where_0 params: {"where_0":"%velma%"}
[2023-05-27 13:02:47] [debug] sql: SELECT * FROM `user` WHERE name like :where_0 params: {"where_0":"%velma%"}
[2023-05-27 13:02:47] [debug] sql: SELECT * FROM `user` WHERE name like :where_0 params: {"where_0":"%velma%"}
[2023-05-27 13:02:47] [debug] sql: SELECT * FROM `user` WHERE name like :where_0 params: {"where_0":"%velma%"}
[2023-05-27 13:02:47] [debug] sql: SELECT * FROM `user` WHERE name like :where_0 params: {"where_0":"%velma%"}
[2023-05-27 13:02:47] [debug] sql: SELECT * FROM `user` WHERE name like :where_0 params: {"where_0":"%velma%"}
[2023-05-27 13:02:47] [debug] sql: SELECT * FROM `user` WHERE name like :where_0 params: {"where_0":"%velma%"}
[2023-05-27 13:02:47] [debug] sql: SELECT * FROM `user` WHERE name like :where_0 params: {"where_0":"%velma%"}
[2023-05-27 13:02:47] [debug] sql: SELECT * FROM `user` WHERE name like :where_0 params: {"where_0":"%velma%"}
[2023-05-27 13:02:47] [debug] sql: SELECT * FROM `user` WHERE name like :where_0 params: {"where_0":"%velma%"}
[2023-05-27 13:02:47] [debug] sql: SELECT * FROM `user` WHERE name like :where_0 params: {"where_0":"%velma%"}
[2023-05-27 13:02:47] [debug] sql: SELECT * FROM `user` WHERE name like :where_0 params: {"where_0":"%velma%"}
[2023-05-27 13:02:47] [debug] sql: SELECT * FROM `user` WHERE name like :where_0 params: {"where_0":"%velma%"}
[2023-05-27 13:02:47] [debug] sql: SELECT * FROM `user` WHERE name like :where_0 params: {"where_0":"%velma%"}
[2023-05-27 13:02:47] [debug] sql: SELECT * FROM `user` WHERE name like :where_0 params: {"where_0":"%velma%"}
[2023-05-27 13:02:47] [debug] sql: SELECT * FROM `user` WHERE name like :where_0 params: {"where_0":"%velma%"}
[2023-05-27 13:02:47] [debug] sql: SELECT * FROM `user` WHERE name like :where_0 params: {"where_0":"%velma%"}
[2023-05-27 13:02:47] [debug] sql: SELECT * FROM `user` WHERE name like :where_0 params: {"where_0":"%velma%"}
[2023-05-27 13:02:47] [debug] sql: SELECT * FROM `user` WHERE name like :where_0 params: {"where_0":"%velma%"}
[2023-05-27 13:02:47] [debug] sql: SELECT * FROM `user` WHERE name like :where_0 params: {"where_0":"%velma%"}
[2023-05-27 13:02:47] [debug] sql: SELECT * FROM `user` WHERE name like :where_0 params: {"where_0":"%velma%"}
[2023-05-27 13:02:47] [debug] sql: SELECT * FROM `user` WHERE name like :where_0 params: {"where_0":"%velma%"}
[2023-05-27 13:02:47] [debug] sql: SELECT * FROM `user` WHERE name like :where_0 params: {"where_0":"%velma%"}
[2023-05-27 13:02:47] [debug] sql: SELECT * FROM `user` WHERE name like :where_0 params: {"where_0":"%velma%"}
[2023-05-27 13:02:47] [debug] sql: SELECT * FROM `user` WHERE name like :where_0 params: {"where_0":"%velma%"}
[2023-05-27 13:02:47] [debug] sql: SELECT * FROM `user` WHERE name like :where_0 params: {"where_0":"%velma%"}
[2023-05-27 13:02:47] [debug] sql: SELECT * FROM `user` WHERE name like :where_0 params: {"where_0":"%velma%"}
[2023-05-27 13:02:47] [debug] sql: SELECT * FROM `user` WHERE name like :where_0 params: {"where_0":"%velma%"}
[2023-05-27 13:02:47] [debug] sql: SELECT * FROM `user` WHERE name like :where_0 params: {"where_0":"%velma%"}
[2023-05-27 13:02:47] [debug] sql: SELECT * FROM `user` WHERE name like :where_0 params: {"where_0":"%velma%"}
[2023-05-27 13:02:47] [debug] sql: SELECT * FROM `user` WHERE name like :where_0 params: {"where_0":"%velma%"}
[2023-05-27 13:02:47] [debug] sql: SELECT * FROM `user` WHERE name like :where_0 params: {"where_0":"%velma%"}
[2023-05-27 13:02:47] [debug] sql: SELECT * FROM `user` WHERE name like :where_0 params: {"where_0":"%velma%"}
[2023-05-27 13:02:47] [debug] sql: SELECT * FROM `user` WHERE name like :where_0 params: {"where_0":"%velma%"}
[2023-05-27 13:02:47] [debug] sql: SELECT * FROM `user` WHERE name like :where_0 params: {"where_0":"%velma%"}
[2023-05-27 13:02:47] [debug] sql: SELECT * FROM `user` WHERE name like :where_0 params: {"where_0":"%velma%"}
[2023-05-27 13:02:47] [debug] sql: SELECT * FROM `user` WHERE name like :where_0 params: {"where_0":"%velma%"}
[2023-05-27 13:02:47] [debug] sql: SELECT * FROM `user` WHERE name like :where_0 params: {"where_0":"%velma%"}
[2023-05-27 13:02:47] [debug] sql: SELECT * FROM `user` WHERE name like :where_0 params: {"where_0":"%velma%"}
[2023-05-27 13:02:47] [debug] sql: SELECT * FROM `user` WHERE name like :where_0 params: {"where_0":"%velma%"}
[2023-05-27 13:02:47] [debug] sql: SELECT * FROM `user` WHERE name like :where_0 params: {"where_0":"%velma%"}
[2023-05-27 13:02:47] [debug] sql: SELECT * FROM `user` WHERE name like :where_0 params: {"where_0":"%velma%"}
[2023-05-27 13:02:47] [debug] sql: SELECT * FROM `user` WHERE name like :where_0 params: {"where_0":"%velma%"}
[2023-05-27 13:02:47] [debug] sql: SELECT * FROM `user` WHERE name like :where_0 params: {"where_0":"%velma%"}
[2023-05-27 13:02:47] [debug] sql: SELECT * FROM `user` WHERE name like :where_0 params: {"where_0":"%velma%"}
[2023-05-27 13:02:47] [debug] sql: SELECT * FROM `user` WHERE name like :where_0 params: {"where_0":"%velma%"}
[2023-05-27 13:02:47] [debug] sql: SELECT * FROM `user` WHERE name like :where_0 params: {"where_0":"%velma%"}
[2023-05-27 13:02:47] [debug] sql: SELECT * FROM `user` WHERE name like :where_0 params: {"where_0":"%velma%"}
[2023-05-27 13:02:47] [debug] sql: SELECT * FROM `user` WHERE name like :where_0 params: {"where_0":"%velma%"}
[2023-05-27 13:02:47] [debug] sql: SELECT * FROM `user` WHERE name like :where_0 params: {"where_0":"%velma%"}
[2023-05-27 13:02:47] [debug] sql: SELECT * FROM `user` WHERE name like :where_0 params: {"where_0":"%velma%"}
[2023-05-27 13:02:47] [debug] sql: SELECT * FROM `user` WHERE name like :where_0 params: {"where_0":"%velma%"}
[2023-05-27 13:02:55] [debug] sql: SELECT * FROM `user` params: []
[2023-05-27 13:03:41] [debug] sql: SELECT * FROM `user` params: []
[2023-05-27 13:04:47] [debug] sql: SELECT * FROM `user` params: []
[2023-05-27 13:05:21] [debug] sql: SELECT * FROM `user` params: []
[2023-05-27 13:05:53] [debug] sql: SELECT * FROM `user` params: []
[2023-05-27 13:06:01] [debug] sql: SELECT * FROM `user` WHERE name like :where_0 params: {"where_0":"%adaaad%"}
[2023-05-27 13:07:00] [debug] sql: SELECT * FROM `user` params: []
[2023-05-27 13:07:11] [debug] sql: SELECT * FROM `user` params: []
[2023-05-27 13:07:22] [debug] sql: SELECT * FROM `user` params: []
[2023-05-27 13:07:41] [debug] sql: SELECT * FROM `user` params: []
[2023-05-27 13:07:46] [debug] sql: SELECT * FROM `user` params: []
[2023-05-27 13:08:21] [debug] sql: SELECT * FROM `user` params: []
[2023-05-27 13:08:39] [debug] sql: SELECT * FROM `user` params: []
[2023-05-27 13:08:49] [debug] sql: SELECT * FROM `user` params: []
[2023-05-27 13:08:59] [debug] sql: SELECT * FROM `user` params: []
[2023-05-27 13:09:08] [debug] sql: SELECT * FROM `user` params: []
[2023-05-27 13:09:18] [debug] sql: SELECT * FROM `user` params: []
[2023-05-27 13:09:30] [debug] sql: SELECT * FROM `user` params: []
[2023-05-27 13:09:47] [debug] sql: SELECT * FROM `user` params: []
[2023-05-27 13:09:51] [debug] sql: SELECT * FROM `user` WHERE name like :where_0 params: {"where_0":"%as%"}
[2023-05-27 13:09:51] [debug] sql: SELECT * FROM `user` WHERE name like :where_0 params: {"where_0":"%as%"}
[2023-05-27 13:09:51] [debug] sql: SELECT * FROM `user` WHERE name like :where_0 params: {"where_0":"%as%"}
[2023-05-27 13:09:51] [debug] sql: SELECT * FROM `user` WHERE name like :where_0 params: {"where_0":"%as%"}
[2023-05-27 13:09:57] [debug] sql: SELECT * FROM `user` WHERE name like :where_0 params: {"where_0":"%velam%"}
[2023-05-27 13:09:57] [debug] sql: SELECT * FROM `user` WHERE name like :where_0 params: {"where_0":"%velam%"}
[2023-05-27 13:09:57] [debug] sql: SELECT * FROM `user` WHERE name like :where_0 params: {"where_0":"%velam%"}
[2023-05-27 13:09:57] [debug] sql: SELECT * FROM `user` WHERE name like :where_0 params: {"where_0":"%velam%"}
[2023-05-27 13:09:57] [debug] sql: SELECT * FROM `user` WHERE name like :where_0 params: {"where_0":"%velam%"}
[2023-05-27 13:09:57] [debug] sql: SELECT * FROM `user` WHERE name like :where_0 params: {"where_0":"%velam%"}
[2023-05-27 13:09:57] [debug] sql: SELECT * FROM `user` WHERE name like :where_0 params: {"where_0":"%velam%"}
[2023-05-27 13:09:57] [debug] sql: SELECT * FROM `user` WHERE name like :where_0 params: {"where_0":"%velam%"}
[2023-05-27 13:09:57] [debug] sql: SELECT * FROM `user` WHERE name like :where_0 params: {"where_0":"%velam%"}
[2023-05-27 13:09:57] [debug] sql: SELECT * FROM `user` WHERE name like :where_0 params: {"where_0":"%velam%"}
[2023-05-27 13:09:57] [debug] sql: SELECT * FROM `user` WHERE name like :where_0 params: {"where_0":"%velam%"}
[2023-05-27 13:09:57] [debug] sql: SELECT * FROM `user` WHERE name like :where_0 params: {"where_0":"%velam%"}
[2023-05-27 13:09:57] [debug] sql: SELECT * FROM `user` WHERE name like :where_0 params: {"where_0":"%velam%"}
[2023-05-27 13:09:57] [debug] sql: SELECT * FROM `user` WHERE name like :where_0 params: {"where_0":"%velam%"}
[2023-05-27 13:09:57] [debug] sql: SELECT * FROM `user` WHERE name like :where_0 params: {"where_0":"%velam%"}
[2023-05-27 13:09:57] [debug] sql: SELECT * FROM `user` WHERE name like :where_0 params: {"where_0":"%velam%"}
[2023-05-27 13:09:57] [debug] sql: SELECT * FROM `user` WHERE name like :where_0 params: {"where_0":"%velam%"}
[2023-05-27 13:09:57] [debug] sql: SELECT * FROM `user` WHERE name like :where_0 params: {"where_0":"%velam%"}
[2023-05-27 13:09:57] [debug] sql: SELECT * FROM `user` WHERE name like :where_0 params: {"where_0":"%velam%"}
[2023-05-27 13:09:57] [debug] sql: SELECT * FROM `user` WHERE name like :where_0 params: {"where_0":"%velam%"}
[2023-05-27 13:09:57] [debug] sql: SELECT * FROM `user` WHERE name like :where_0 params: {"where_0":"%velam%"}
[2023-05-27 13:09:57] [debug] sql: SELECT * FROM `user` WHERE name like :where_0 params: {"where_0":"%velam%"}
[2023-05-27 13:09:57] [debug] sql: SELECT * FROM `user` WHERE name like :where_0 params: {"where_0":"%velam%"}
[2023-05-27 13:09:57] [debug] sql: SELECT * FROM `user` WHERE name like :where_0 params: {"where_0":"%velam%"}
[2023-05-27 13:09:57] [debug] sql: SELECT * FROM `user` WHERE name like :where_0 params: {"where_0":"%velam%"}
[2023-05-27 13:09:57] [debug] sql: SELECT * FROM `user` WHERE name like :where_0 params: {"where_0":"%velam%"}
[2023-05-27 13:09:57] [debug] sql: SELECT * FROM `user` WHERE name like :where_0 params: {"where_0":"%velam%"}
[2023-05-27 13:09:57] [debug] sql: SELECT * FROM `user` WHERE name like :where_0 params: {"where_0":"%velam%"}
[2023-05-27 13:09:57] [debug] sql: SELECT * FROM `user` WHERE name like :where_0 params: {"where_0":"%velam%"}
[2023-05-27 13:09:57] [debug] sql: SELECT * FROM `user` WHERE name like :where_0 params: {"where_0":"%velam%"}
[2023-05-27 13:09:57] [debug] sql: SELECT * FROM `user` WHERE name like :where_0 params: {"where_0":"%velam%"}
[2023-05-27 13:09:57] [debug] sql: SELECT * FROM `user` WHERE name like :where_0 params: {"where_0":"%velam%"}
[2023-05-27 13:09:57] [debug] sql: SELECT * FROM `user` WHERE name like :where_0 params: {"where_0":"%velam%"}
[2023-05-27 13:09:57] [debug] sql: SELECT * FROM `user` WHERE name like :where_0 params: {"where_0":"%velam%"}
[2023-05-27 13:09:57] [debug] sql: SELECT * FROM `user` WHERE name like :where_0 params: {"where_0":"%velam%"}
[2023-05-27 13:09:57] [debug] sql: SELECT * FROM `user` WHERE name like :where_0 params: {"where_0":"%velam%"}
[2023-05-27 13:09:57] [debug] sql: SELECT * FROM `user` WHERE name like :where_0 params: {"where_0":"%velam%"}
[2023-05-27 13:09:57] [debug] sql: SELECT * FROM `user` WHERE name like :where_0 params: {"where_0":"%velam%"}
[2023-05-27 13:09:57] [debug] sql: SELECT * FROM `user` WHERE name like :where_0 params: {"where_0":"%velam%"}
[2023-05-27 13:09:57] [debug] sql: SELECT * FROM `user` WHERE name like :where_0 params: {"where_0":"%velam%"}
[2023-05-27 13:09:57] [debug] sql: SELECT * FROM `user` WHERE name like :where_0 params: {"where_0":"%velam%"}
[2023-05-27 13:09:57] [debug] sql: SELECT * FROM `user` WHERE name like :where_0 params: {"where_0":"%velam%"}
[2023-05-27 13:09:57] [debug] sql: SELECT * FROM `user` WHERE name like :where_0 params: {"where_0":"%velam%"}
[2023-05-27 13:09:57] [debug] sql: SELECT * FROM `user` WHERE name like :where_0 params: {"where_0":"%velam%"}
[2023-05-27 13:09:57] [debug] sql: SELECT * FROM `user` WHERE name like :where_0 params: {"where_0":"%velam%"}
[2023-05-27 13:09:57] [debug] sql: SELECT * FROM `user` WHERE name like :where_0 params: {"where_0":"%velam%"}
[2023-05-27 13:09:57] [debug] sql: SELECT * FROM `user` WHERE name like :where_0 params: {"where_0":"%velam%"}
[2023-05-27 13:09:57] [debug] sql: SELECT * FROM `user` WHERE name like :where_0 params: {"where_0":"%velam%"}
[2023-05-27 13:09:57] [debug] sql: SELECT * FROM `user` WHERE name like :where_0 params: {"where_0":"%velam%"}
[2023-05-27 13:09:57] [debug] sql: SELECT * FROM `user` WHERE name like :where_0 params: {"where_0":"%velam%"}
[2023-05-27 13:09:57] [debug] sql: SELECT * FROM `user` WHERE name like :where_0 params: {"where_0":"%velam%"}
[2023-05-27 13:09:57] [debug] sql: SELECT * FROM `user` WHERE name like :where_0 params: {"where_0":"%velam%"}
[2023-05-27 13:09:57] [debug] sql: SELECT * FROM `user` WHERE name like :where_0 params: {"where_0":"%velam%"}
[2023-05-27 13:09:57] [debug] sql: SELECT * FROM `user` WHERE name like :where_0 params: {"where_0":"%velam%"}
[2023-05-27 13:09:57] [debug] sql: SELECT * FROM `user` WHERE name like :where_0 params: {"where_0":"%velam%"}
[2023-05-27 13:09:57] [debug] sql: SELECT * FROM `user` WHERE name like :where_0 params: {"where_0":"%velam%"}
[2023-05-27 13:09:57] [debug] sql: SELECT * FROM `user` WHERE name like :where_0 params: {"where_0":"%velam%"}
[2023-05-27 13:09:57] [debug] sql: SELECT * FROM `user` WHERE name like :where_0 params: {"where_0":"%velam%"}
[2023-05-27 13:09:57] [debug] sql: SELECT * FROM `user` WHERE name like :where_0 params: {"where_0":"%velam%"}
[2023-05-27 13:09:57] [debug] sql: SELECT * FROM `user` WHERE name like :where_0 params: {"where_0":"%velam%"}
[2023-05-27 13:09:57] [debug] sql: SELECT * FROM `user` WHERE name like :where_0 params: {"where_0":"%velam%"}
[2023-05-27 13:09:57] [debug] sql: SELECT * FROM `user` WHERE name like :where_0 params: {"where_0":"%velam%"}
[2023-05-27 13:09:57] [debug] sql: SELECT * FROM `user` WHERE name like :where_0 params: {"where_0":"%velam%"}
[2023-05-27 13:09:57] [debug] sql: SELECT * FROM `user` WHERE name like :where_0 params: {"where_0":"%velam%"}
[2023-05-27 13:09:57] [debug] sql: SELECT * FROM `user` WHERE name like :where_0 params: {"where_0":"%velam%"}
[2023-05-27 13:09:57] [debug] sql: SELECT * FROM `user` WHERE name like :where_0 params: {"where_0":"%velam%"}
[2023-05-27 13:09:57] [debug] sql: SELECT * FROM `user` WHERE name like :where_0 params: {"where_0":"%velam%"}
[2023-05-27 13:09:57] [debug] sql: SELECT * FROM `user` WHERE name like :where_0 params: {"where_0":"%velam%"}
[2023-05-27 13:09:57] [debug] sql: SELECT * FROM `user` WHERE name like :where_0 params: {"where_0":"%velam%"}
[2023-05-27 13:09:57] [debug] sql: SELECT * FROM `user` WHERE name like :where_0 params: {"where_0":"%velam%"}
[2023-05-27 13:09:57] [debug] sql: SELECT * FROM `user` WHERE name like :where_0 params: {"where_0":"%velam%"}
[2023-05-27 13:09:57] [debug] sql: SELECT * FROM `user` WHERE name like :where_0 params: {"where_0":"%velam%"}
[2023-05-27 13:09:57] [debug] sql: SELECT * FROM `user` WHERE name like :where_0 params: {"where_0":"%velam%"}
[2023-05-27 13:09:57] [debug] sql: SELECT * FROM `user` WHERE name like :where_0 params: {"where_0":"%velam%"}
[2023-05-27 13:09:57] [debug] sql: SELECT * FROM `user` WHERE name like :where_0 params: {"where_0":"%velam%"}
[2023-05-27 13:09:57] [debug] sql: SELECT * FROM `user` WHERE name like :where_0 params: {"where_0":"%velam%"}
[2023-05-27 13:09:57] [debug] sql: SELECT * FROM `user` WHERE name like :where_0 params: {"where_0":"%velam%"}
[2023-05-27 13:09:57] [debug] sql: SELECT * FROM `user` WHERE name like :where_0 params: {"where_0":"%velam%"}
[2023-05-27 13:09:57] [debug] sql: SELECT * FROM `user` WHERE name like :where_0 params: {"where_0":"%velam%"}
[2023-05-27 13:09:57] [debug] sql: SELECT * FROM `user` WHERE name like :where_0 params: {"where_0":"%velam%"}
[2023-05-27 13:09:57] [debug] sql: SELECT * FROM `user` WHERE name like :where_0 params: {"where_0":"%velam%"}
[2023-05-27 13:09:57] [debug] sql: SELECT * FROM `user` WHERE name like :where_0 params: {"where_0":"%velam%"}
[2023-05-27 13:09:57] [debug] sql: SELECT * FROM `user` WHERE name like :where_0 params: {"where_0":"%velam%"}
[2023-05-27 13:09:57] [debug] sql: SELECT * FROM `user` WHERE name like :where_0 params: {"where_0":"%velam%"}
[2023-05-27 13:09:57] [debug] sql: SELECT * FROM `user` WHERE name like :where_0 params: {"where_0":"%velam%"}
[2023-05-27 13:09:57] [debug] sql: SELECT * FROM `user` WHERE name like :where_0 params: {"where_0":"%velam%"}
[2023-05-27 13:09:57] [debug] sql: SELECT * FROM `user` WHERE name like :where_0 params: {"where_0":"%velam%"}
[2023-05-27 13:09:57] [debug] sql: SELECT * FROM `user` WHERE name like :where_0 params: {"where_0":"%velam%"}
[2023-05-27 13:09:57] [debug] sql: SELECT * FROM `user` WHERE name like :where_0 params: {"where_0":"%velam%"}
[2023-05-27 13:09:57] [debug] sql: SELECT * FROM `user` WHERE name like :where_0 params: {"where_0":"%velam%"}
[2023-05-27 13:09:57] [debug] sql: SELECT * FROM `user` WHERE name like :where_0 params: {"where_0":"%velam%"}
[2023-05-27 13:09:57] [debug] sql: SELECT * FROM `user` WHERE name like :where_0 params: {"where_0":"%velam%"}
[2023-05-27 13:09:57] [debug] sql: SELECT * FROM `user` WHERE name like :where_0 params: {"where_0":"%velam%"}
[2023-05-27 13:09:57] [debug] sql: SELECT * FROM `user` WHERE name like :where_0 params: {"where_0":"%velam%"}
[2023-05-27 13:09:57] [debug] sql: SELECT * FROM `user` WHERE name like :where_0 params: {"where_0":"%velam%"}
[2023-05-27 13:09:58] [debug] sql: SELECT * FROM `user` WHERE name like :where_0 params: {"where_0":"%velam%"}
[2023-05-27 13:09:58] [debug] sql: SELECT * FROM `user` WHERE name like :where_0 params: {"where_0":"%velam%"}
[2023-05-27 13:09:58] [debug] sql: SELECT * FROM `user` WHERE name like :where_0 params: {"where_0":"%velam%"}
[2023-05-27 13:09:58] [debug] sql: SELECT * FROM `user` WHERE name like :where_0 params: {"where_0":"%velam%"}
[2023-05-27 13:09:58] [debug] sql: SELECT * FROM `user` WHERE name like :where_0 params: {"where_0":"%velam%"}
[2023-05-27 13:09:58] [debug] sql: SELECT * FROM `user` WHERE name like :where_0 params: {"where_0":"%velam%"}
[2023-05-27 13:09:58] [debug] sql: SELECT * FROM `user` WHERE name like :where_0 params: {"where_0":"%velam%"}
[2023-05-27 13:09:58] [debug] sql: SELECT * FROM `user` WHERE name like :where_0 params: {"where_0":"%velam%"}
[2023-05-27 13:09:58] [debug] sql: SELECT * FROM `user` WHERE name like :where_0 params: {"where_0":"%velam%"}
[2023-05-27 13:09:58] [debug] sql: SELECT * FROM `user` WHERE name like :where_0 params: {"where_0":"%velam%"}
[2023-05-27 13:09:58] [debug] sql: SELECT * FROM `user` WHERE name like :where_0 params: {"where_0":"%velam%"}
[2023-05-27 13:09:58] [debug] sql: SELECT * FROM `user` WHERE name like :where_0 params: {"where_0":"%velam%"}
[2023-05-27 13:09:58] [debug] sql: SELECT * FROM `user` WHERE name like :where_0 params: {"where_0":"%velam%"}
[2023-05-27 13:09:58] [debug] sql: SELECT * FROM `user` WHERE name like :where_0 params: {"where_0":"%velam%"}
[2023-05-27 13:09:58] [debug] sql: SELECT * FROM `user` WHERE name like :where_0 params: {"where_0":"%velam%"}
[2023-05-27 13:09:58] [debug] sql: SELECT * FROM `user` WHERE name like :where_0 params: {"where_0":"%velam%"}
[2023-05-27 13:09:58] [debug] sql: SELECT * FROM `user` WHERE name like :where_0 params: {"where_0":"%velam%"}
[2023-05-27 13:09:58] [debug] sql: SELECT * FROM `user` WHERE name like :where_0 params: {"where_0":"%velam%"}
[2023-05-27 13:09:58] [debug] sql: SELECT * FROM `user` WHERE name like :where_0 params: {"where_0":"%velam%"}
[2023-05-27 13:09:58] [debug] sql: SELECT * FROM `user` WHERE name like :where_0 params: {"where_0":"%velam%"}
[2023-05-27 13:09:58] [debug] sql: SELECT * FROM `user` WHERE name like :where_0 params: {"where_0":"%velam%"}
[2023-05-27 13:09:58] [debug] sql: SELECT * FROM `user` WHERE name like :where_0 params: {"where_0":"%velam%"}
[2023-05-27 13:09:58] [debug] sql: SELECT * FROM `user` WHERE name like :where_0 params: {"where_0":"%velam%"}
[2023-05-27 13:09:58] [debug] sql: SELECT * FROM `user` WHERE name like :where_0 params: {"where_0":"%velam%"}
[2023-05-27 13:09:58] [debug] sql: SELECT * FROM `user` WHERE name like :where_0 params: {"where_0":"%velam%"}
[2023-05-27 13:09:58] [debug] sql: SELECT * FROM `user` WHERE name like :where_0 params: {"where_0":"%velam%"}
[2023-05-27 13:09:58] [debug] sql: SELECT * FROM `user` WHERE name like :where_0 params: {"where_0":"%velam%"}
[2023-05-27 13:09:58] [debug] sql: SELECT * FROM `user` WHERE name like :where_0 params: {"where_0":"%velam%"}
[2023-05-27 13:09:58] [debug] sql: SELECT * FROM `user` WHERE name like :where_0 params: {"where_0":"%velam%"}
[2023-05-27 13:09:58] [debug] sql: SELECT * FROM `user` WHERE name like :where_0 params: {"where_0":"%velam%"}
[2023-05-27 13:09:58] [debug] sql: SELECT * FROM `user` WHERE name like :where_0 params: {"where_0":"%velam%"}
[2023-05-27 13:09:58] [debug] sql: SELECT * FROM `user` WHERE name like :where_0 params: {"where_0":"%velam%"}
[2023-05-27 13:09:58] [debug] sql: SELECT * FROM `user` WHERE name like :where_0 params: {"where_0":"%velam%"}
[2023-05-27 13:09:58] [debug] sql: SELECT * FROM `user` WHERE name like :where_0 params: {"where_0":"%velam%"}
[2023-05-27 13:09:58] [debug] sql: SELECT * FROM `user` WHERE name like :where_0 params: {"where_0":"%velam%"}
[2023-05-27 13:09:58] [debug] sql: SELECT * FROM `user` WHERE name like :where_0 params: {"where_0":"%velam%"}
[2023-05-27 13:09:58] [debug] sql: SELECT * FROM `user` WHERE name like :where_0 params: {"where_0":"%velam%"}
[2023-05-27 13:09:58] [debug] sql: SELECT * FROM `user` WHERE name like :where_0 params: {"where_0":"%velam%"}
[2023-05-27 13:09:58] [debug] sql: SELECT * FROM `user` WHERE name like :where_0 params: {"where_0":"%velam%"}
[2023-05-27 13:09:58] [debug] sql: SELECT * FROM `user` WHERE name like :where_0 params: {"where_0":"%velam%"}
[2023-05-27 13:09:58] [debug] sql: SELECT * FROM `user` WHERE name like :where_0 params: {"where_0":"%velam%"}
[2023-05-27 13:09:58] [debug] sql: SELECT * FROM `user` WHERE name like :where_0 params: {"where_0":"%velam%"}
[2023-05-27 13:09:58] [debug] sql: SELECT * FROM `user` WHERE name like :where_0 params: {"where_0":"%velam%"}
[2023-05-27 13:09:58] [debug] sql: SELECT * FROM `user` WHERE name like :where_0 params: {"where_0":"%velam%"}
[2023-05-27 13:09:58] [debug] sql: SELECT * FROM `user` WHERE name like :where_0 params: {"where_0":"%velam%"}
[2023-05-27 13:09:58] [debug] sql: SELECT * FROM `user` WHERE name like :where_0 params: {"where_0":"%velam%"}
[2023-05-27 13:09:58] [debug] sql: SELECT * FROM `user` WHERE name like :where_0 params: {"where_0":"%velam%"}
[2023-05-27 13:09:58] [debug] sql: SELECT * FROM `user` WHERE name like :where_0 params: {"where_0":"%velam%"}
[2023-05-27 13:09:58] [debug] sql: SELECT * FROM `user` WHERE name like :where_0 params: {"where_0":"%velam%"}
[2023-05-27 13:10:07] [debug] sql: SELECT * FROM `user` params: []
[2023-05-27 13:10:21] [debug] sql: SELECT * FROM `user` params: []
[2023-05-27 13:10:26] [debug] sql: SELECT * FROM `user` WHERE name like :where_0 params: {"where_0":"%a%"}
[2023-05-27 13:10:26] [debug] sql: SELECT * FROM `user` WHERE name like :where_0 params: {"where_0":"%a%"}
[2023-05-27 13:10:26] [debug] sql: SELECT * FROM `user` WHERE name like :where_0 params: {"where_0":"%a%"}
[2023-05-27 13:10:26] [debug] sql: SELECT * FROM `user` WHERE name like :where_0 params: {"where_0":"%a%"}
[2023-05-27 13:10:46] [debug] sql: SELECT * FROM `user` params: []
[2023-05-27 13:10:48] [debug] sql: SELECT * FROM `user` WHERE name like :where_0 params: {"where_0":"%a%"}
[2023-05-27 13:11:04] [debug] sql: SELECT * FROM `user` params: []
[2023-05-27 13:11:22] [debug] sql: SELECT * FROM `user` params: []
[2023-05-27 13:11:43] [debug] sql: SELECT * FROM `user` params: []
[2023-05-27 13:11:53] [debug] sql: SELECT * FROM `user` params: []
[2023-05-27 13:12:05] [debug] sql: SELECT * FROM `user` params: []
[2023-05-27 13:12:15] [debug] sql: SELECT * FROM `user` params: []
[2023-05-27 13:12:20] [debug] sql: SELECT * FROM `user` WHERE name like :where_0 params: {"where_0":"%aaaa%"}
[2023-05-27 13:12:33] [debug] sql: SELECT * FROM `user` params: []
[2023-05-27 13:12:49] [debug] sql: SELECT * FROM `user` params: []
[2023-05-27 13:12:53] [debug] sql: SELECT * FROM `user` WHERE name like :where_0 params: {"where_0":"%asdda%"}
[2023-05-27 13:13:01] [debug] sql: SELECT * FROM `user` params: []
[2023-05-27 13:13:11] [debug] sql: SELECT * FROM `user` params: []
[2023-05-27 13:13:32] [debug] sql: SELECT * FROM `user` params: []
[2023-05-27 13:13:45] [debug] sql: SELECT * FROM `user` params: []
[2023-05-27 13:13:52] [debug] sql: SELECT * FROM `user` params: []
[2023-05-27 13:14:07] [debug] sql: SELECT * FROM `user` params: []
[2023-05-27 13:14:14] [debug] sql: SELECT * FROM `user` params: []
[2023-05-27 13:15:00] [debug] sql: SELECT * FROM `user` params: []
[2023-05-27 13:15:28] [debug] sql: SELECT * FROM `user` params: []
[2023-05-27 13:15:51] [debug] sql: SELECT * FROM `user` params: []
[2023-05-27 13:18:41] [debug] sql: SELECT * FROM `user` params: []
[2023-05-27 13:18:51] [debug] sql: SELECT * FROM `user` params: []
[2023-05-27 13:18:56] [debug] sql: SELECT * FROM `user` params: []
[2023-05-27 13:19:06] [debug] sql: SELECT * FROM `user` params: []
[2023-05-27 13:19:16] [debug] sql: SELECT * FROM `user` params: []
[2023-05-27 13:19:27] [debug] sql: SELECT * FROM `user` params: []
[2023-05-27 13:19:41] [debug] sql: SELECT * FROM `user` params: []
[2023-05-27 13:19:49] [debug] sql: SELECT * FROM `user` params: []
[2023-05-27 13:20:10] [debug] sql: SELECT * FROM `user` params: []
[2023-05-27 13:21:24] [debug] sql: SELECT * FROM `user` params: []
[2023-05-27 13:21:35] [debug] sql: SELECT * FROM `user` params: []
[2023-05-27 13:21:46] [debug] sql: SELECT * FROM `user` params: []
[2023-05-27 13:21:59] [debug] sql: SELECT * FROM `user` params: []
[2023-05-27 13:22:16] [debug] sql: SELECT * FROM `user` params: []
[2023-05-27 13:22:40] [debug] sql: SELECT * FROM `user` params: []
[2023-05-27 13:22:50] [debug] sql: SELECT * FROM `user` params: []
[2023-05-27 13:22:54] [debug] sql: SELECT * FROM `user` params: []
[2023-05-27 13:23:17] [debug] sql: SELECT * FROM `user` params: []
[2023-05-27 13:23:22] [debug] sql: SELECT * FROM `user` params: []
[2023-05-27 13:23:29] [debug] sql: SELECT * FROM `user` params: []
[2023-05-27 13:23:41] [debug] sql: SELECT * FROM `user` params: []
[2023-05-27 13:23:50] [debug] sql: SELECT * FROM `user` params: []
[2023-05-27 13:24:24] [debug] sql: SELECT * FROM `user` params: []
[2023-05-27 13:24:45] [debug] sql: SELECT * FROM `user` params: []
[2023-05-27 13:24:52] [debug] sql: SELECT * FROM `user` params: []
[2023-05-27 13:25:28] [debug] sql: SELECT * FROM `user` params: []
[2023-05-27 13:25:42] [debug] sql: SELECT * FROM `user` params: []
[2023-05-27 13:26:02] [debug] sql: SELECT * FROM `user` params: []
[2023-05-27 13:26:15] [debug] sql: SELECT * FROM `user` params: []
[2023-05-27 13:26:18] [debug] sql: SELECT * FROM `user` WHERE name like :where_0 params: {"where_0":"%a%"}
[2023-05-27 13:26:23] [debug] sql: SELECT * FROM `user` params: []
[2023-05-27 13:26:25] [debug] sql: SELECT * FROM `user` WHERE name like :where_0 params: {"where_0":"%a%"}
[2023-05-27 13:26:26] [debug] sql: SELECT * FROM `user` params: []
[2023-05-27 13:26:48] [debug] sql: SELECT * FROM `user` params: []
[2023-05-27 13:27:11] [debug] sql: SELECT * FROM `user` params: []
[2023-05-27 13:27:19] [debug] sql: SELECT * FROM `user` params: []
[2023-05-27 13:27:30] [debug] sql: SELECT * FROM `user` params: []
[2023-05-27 13:27:42] [debug] sql: SELECT * FROM `user` params: []
[2023-05-27 13:28:22] [debug] sql: SELECT * FROM `user` params: []
[2023-05-27 13:29:40] [debug] sql: SELECT * FROM `user` WHERE name like :where_0 params: {"where_0":"%a%"}
[2023-05-27 13:29:41] [debug] sql: SELECT * FROM `user` WHERE name like :where_0 params: {"where_0":"%asda%"}
[2023-05-27 13:34:43] [debug] sql: SELECT * FROM `user` params: []
[2023-05-27 13:36:50] [debug] sql: SELECT * FROM `user` params: []
[2023-05-27 13:37:11] [debug] sql: SELECT * FROM `user` params: []
[2023-05-27 13:37:38] [debug] sql: SELECT * FROM `user` params: []
[2023-05-27 13:38:38] [debug] sql: SELECT * FROM `user` params: []
[2023-05-27 13:39:27] [debug] sql: SELECT * FROM `user` params: []
[2023-05-27 13:39:53] [debug] sql: SELECT * FROM `user` params: []
[2023-05-27 13:40:20] [debug] sql: SELECT * FROM `user` params: []
[2023-05-27 13:40:30] [debug] sql: SELECT * FROM `user` params: []
[2023-05-27 13:40:56] [debug] sql: SELECT * FROM `user` params: []
[2023-05-27 13:41:08] [debug] sql: SELECT * FROM `user` params: []
[2023-05-27 13:41:25] [debug] sql: SELECT * FROM `user` params: []
[2023-05-27 13:41:31] [debug] sql: SELECT * FROM `user` params: []
[2023-05-27 13:41:55] [debug] sql: SELECT * FROM `user` params: []
[2023-05-27 13:42:08] [debug] sql: SELECT * FROM `user` params: []
[2023-05-27 13:42:23] [debug] sql: SELECT * FROM `user` params: []
[2023-05-27 13:42:29] [debug] sql: SELECT * FROM `user` params: []
[2023-05-27 13:42:37] [debug] sql: SELECT * FROM `user` params: []
[2023-05-27 13:42:39] [debug] sql: SELECT * FROM `user` params: []
[2023-05-27 13:42:59] [debug] sql: SELECT * FROM `user` params: []
[2023-05-27 13:43:07] [debug] sql: SELECT * FROM `user` params: []
[2023-05-27 13:43:30] [debug] sql: SELECT * FROM `user` params: []
[2023-05-27 13:44:07] [debug] sql: SELECT * FROM `user` params: []
[2023-05-27 13:44:44] [debug] sql: SELECT * FROM `user` params: []
[2023-05-27 13:45:01] [debug] sql: SELECT * FROM `user` params: []
[2023-05-27 13:45:08] [debug] sql: SELECT * FROM `user` params: []
[2023-05-27 13:45:20] [debug] sql: SELECT * FROM `user` params: []
[2023-05-27 13:45:41] [debug] sql: SELECT * FROM `user` params: []
[2023-05-27 13:45:47] [debug] sql: SELECT * FROM `user` params: []
[2023-05-27 13:46:04] [debug] sql: SELECT * FROM `user` params: []
[2023-05-27 13:46:57] [debug] sql: SELECT * FROM `user` params: []
[2023-05-27 13:47:34] [debug] sql: SELECT * FROM `user` params: []
[2023-05-27 13:48:13] [debug] sql: SELECT * FROM `user` params: []
[2023-05-27 13:48:42] [debug] sql: SELECT * FROM `user` params: []
[2023-05-27 13:49:54] [debug] sql: SELECT * FROM `user` params: []
[2023-05-27 13:50:28] [debug] sql: SELECT * FROM `user` params: []
[2023-05-27 13:50:33] [debug] sql: SELECT * FROM `user` params: []
[2023-05-27 13:50:37] [debug] sql: SELECT * FROM `user` WHERE name like :where_0 params: {"where_0":"%velma%"}
[2023-05-27 13:50:37] [debug] sql: SELECT * FROM `user` WHERE name like :where_0 params: {"where_0":"%velmas%"}
[2023-05-27 13:50:38] [debug] sql: SELECT * FROM `user` WHERE name like :where_0 params: {"where_0":"%velmasa%"}
[2023-05-27 13:50:38] [debug] sql: SELECT * FROM `user` WHERE name like :where_0 params: {"where_0":"%velmas%"}
[2023-05-27 13:50:38] [debug] sql: SELECT * FROM `user` WHERE name like :where_0 params: {"where_0":"%velma%"}
[2023-05-27 13:50:38] [debug] sql: SELECT * FROM `user` WHERE name like :where_0 params: {"where_0":"%velm%"}
[2023-05-27 13:50:38] [debug] sql: SELECT * FROM `user` WHERE name like :where_0 params: {"where_0":"%vel%"}
[2023-05-27 13:50:38] [debug] sql: SELECT * FROM `user` WHERE name like :where_0 params: {"where_0":"%ve%"}
[2023-05-27 13:50:39] [debug] sql: SELECT * FROM `user` WHERE name like :where_0 params: {"where_0":"%v%"}
[2023-05-27 13:52:07] [debug] sql: SELECT * FROM `user` params: []
[2023-05-27 13:52:23] [debug] sql: SELECT * FROM `user` params: []
[2023-05-27 13:53:51] [debug] sql: SELECT * FROM `user` params: []
[2023-05-27 13:54:43] [debug] sql: SELECT * FROM `user` params: []
[2023-05-27 13:55:09] [debug] sql: SELECT * FROM `user` params: []
[2023-05-27 13:55:36] [debug] sql: SELECT * FROM `user` params: []
[2023-05-27 13:55:51] [debug] sql: SELECT * FROM `user` params: []
[2023-05-27 13:55:52] [debug] sql: SELECT * FROM `user` params: []
[2023-05-27 13:56:17] [debug] sql: SELECT * FROM `user` params: []
[2023-05-27 13:56:30] [debug] sql: SELECT * FROM `user` params: []
[2023-05-27 13:56:39] [debug] sql: SELECT * FROM `user` params: []
[2023-05-27 13:57:19] [debug] sql: SELECT * FROM `user` params: []
[2023-05-27 13:59:32] [debug] sql: SELECT * FROM `user` params: []
[2023-05-27 13:59:51] [debug] sql: SELECT * FROM `user` params: []
[2023-05-27 14:00:37] [debug] sql: SELECT * FROM `user` params: []
[2023-05-27 14:01:37] [debug] sql: SELECT * FROM `user` params: []
[2023-05-27 14:01:56] [debug] sql: SELECT * FROM `user` params: []
[2023-05-27 14:02:32] [debug] sql: SELECT * FROM `user` params: []
[2023-05-27 14:02:47] [debug] sql: SELECT * FROM `user` params: []
[2023-05-27 14:05:23] [debug] sql: SELECT * FROM `user` params: []
[2023-05-27 14:05:35] [debug] sql: SELECT * FROM `user` params: []
[2023-05-27 14:05:54] [debug] sql: SELECT * FROM `user` params: []
[2023-05-27 14:07:59] [debug] sql: SELECT * FROM `user` params: []
[2023-05-27 14:08:43] [debug] sql: SELECT * FROM `user` params: []
[2023-05-27 14:08:59] [debug] sql: SELECT * FROM `user` params: []
[2023-05-27 14:09:08] [debug] sql: SELECT * FROM `user` params: []
[2023-05-27 14:10:51] [debug] sql: SELECT * FROM `user` params: []
[2023-05-27 14:11:01] [debug] sql: SELECT * FROM `user` params: []
[2023-05-27 14:11:06] [debug] sql: SELECT * FROM `user` params: []
[2023-05-27 14:11:31] [debug] sql: SELECT * FROM `user` params: []
[2023-05-27 14:11:55] [debug] sql: SELECT * FROM `user` params: []
[2023-05-27 14:12:03] [debug] sql: SELECT * FROM `user` params: []
[2023-05-27 14:12:08] [debug] sql: SELECT * FROM `user` params: []
[2023-05-27 14:12:22] [debug] sql: SELECT * FROM `user` params: []
[2023-05-27 14:12:45] [debug] sql: SELECT * FROM `user` params: []
[2023-05-27 14:13:12] [debug] sql: SELECT * FROM `user` params: []
[2023-05-27 14:13:28] [debug] sql: SELECT * FROM `user` params: []
[2023-05-27 14:13:49] [debug] sql: SELECT * FROM `user` params: []
[2023-05-27 14:14:05] [debug] sql: SELECT * FROM `user` params: []
[2023-05-27 14:14:30] [debug] sql: SELECT * FROM `user` params: []
[2023-05-27 14:14:44] [debug] sql: SELECT * FROM `user` params: []
[2023-05-27 14:15:00] [debug] sql: SELECT * FROM `user` params: []
[2023-05-27 14:15:06] [debug] sql: SELECT * FROM `user` params: []
[2023-05-27 14:15:11] [debug] sql: SELECT * FROM `user` params: []
[2023-05-27 14:15:18] [debug] sql: SELECT * FROM `user` params: []
[2023-05-27 14:15:23] [debug] sql: SELECT * FROM `user` params: []
[2023-05-27 14:15:29] [debug] sql: SELECT * FROM `user` params: []
[2023-05-27 14:15:48] [debug] sql: SELECT * FROM `user` params: []
[2023-05-27 14:15:57] [debug] sql: SELECT * FROM `user` params: []
[2023-05-27 14:16:12] [debug] sql: SELECT * FROM `user` params: []
[2023-05-27 14:16:52] [debug] sql: SELECT * FROM `user` params: []
[2023-05-27 14:17:48] [debug] sql: SELECT * FROM `user` params: []
[2023-05-27 14:18:01] [debug] sql: SELECT * FROM `user` params: []
[2023-05-27 14:18:06] [debug] sql: SELECT * FROM `user` params: []
[2023-05-27 14:18:15] [debug] sql: SELECT * FROM `user` params: []
[2023-05-27 14:18:50] [debug] sql: SELECT * FROM `user` params: []
[2023-05-27 14:19:28] [debug] sql: SELECT * FROM `user` params: []
