[2023-05-24 06:08:47] [debug] sql: SELECT * FROM `user` params: []
[2023-05-24 06:10:38] [debug] sql: SELECT * FROM `user` params: []
[2023-05-24 06:11:05] [debug] sql: SELECT * FROM `user` params: []
[2023-05-24 06:11:24] [debug] sql: SELECT * FROM `user` params: []
[2023-05-24 06:11:33] [debug] sql: SELECT * FROM `user` params: []
[2023-05-24 06:11:41] [debug] sql: SELECT * FROM `user` params: []
[2023-05-24 06:11:44] [debug] sql: SELECT * FROM `user` params: []
[2023-05-24 06:11:47] [debug] sql: SELECT * FROM `user` params: []
[2023-05-24 06:11:49] [debug] sql: SELECT * FROM `user` params: []
[2023-05-24 06:11:57] [debug] sql: SELECT * FROM `user` params: []
[2023-05-24 06:12:10] [debug] sql: SELECT * FROM `user` params: []
[2023-05-24 06:12:20] [debug] sql: SELECT * FROM `user` params: []
[2023-05-24 06:12:23] [debug] sql: SELECT * FROM `user` params: []
[2023-05-24 06:14:51] [debug] sql: SELECT * FROM `user` params: []
[2023-05-24 06:16:01] [debug] sql: SELECT * FROM `user` params: []
[2023-05-24 06:16:11] [debug] sql: SELECT * FROM `user` params: []
[2023-05-24 06:16:56] [debug] sql: SELECT * FROM `user` params: []
[2023-05-24 06:17:06] [debug] sql: SELECT * FROM `user` params: []
[2023-05-24 06:20:21] [debug] sql: SELECT * FROM `user` params: []
[2023-05-24 06:20:28] [debug] sql: SELECT * FROM `user` params: []
[2023-05-24 06:20:29] [debug] sql: SELECT * FROM `user` WHERE name like :where_0 params: {"where_0":"%a%"}
[2023-05-24 06:20:36] [debug] sql: SELECT * FROM `user` params: []
[2023-05-24 06:20:37] [debug] sql: SELECT * FROM `user` WHERE name like :where_0 params: {"where_0":"%as%"}
[2023-05-24 06:20:44] [debug] sql: SELECT * FROM `user` params: []
[2023-05-24 06:20:46] [debug] sql: SELECT * FROM `user` WHERE name like :where_0 params: {"where_0":"%as%"}
[2023-05-24 06:20:49] [debug] sql: SELECT * FROM `user` params: []
[2023-05-24 06:20:50] [debug] sql: SELECT * FROM `user` WHERE name like :where_0 params: {"where_0":"%aaaaaaaa%"}
[2023-05-24 06:20:52] [debug] sql: SELECT * FROM `user` params: []
[2023-05-24 06:21:07] [debug] sql: SELECT * FROM `user` params: []
[2023-05-24 06:21:13] [debug] sql: SELECT * FROM `user` params: []
[2023-05-24 06:21:17] [debug] sql: SELECT * FROM `user` params: []
[2023-05-24 06:21:21] [debug] sql: SELECT * FROM `user` params: []
[2023-05-24 06:21:23] [debug] sql: SELECT * FROM `user` WHERE name like :where_0 params: {"where_0":"%%"}
[2023-05-24 06:21:24] [debug] sql: SELECT * FROM `user` params: []
[2023-05-24 06:21:33] [debug] sql: SELECT * FROM `user` params: []
[2023-05-24 06:21:51] [debug] sql: SELECT * FROM `user` params: []
[2023-05-24 06:32:50] [debug] sql: SELECT * FROM `user` params: []
[2023-05-24 06:33:26] [debug] sql: SELECT * FROM `user` params: []
[2023-05-24 06:39:06] [debug] sql: SELECT * FROM `user` params: []
[2023-05-24 06:43:01] [debug] sql: SELECT * FROM `user` params: []
[2023-05-24 06:44:31] [debug] sql: SELECT * FROM `user` params: []
[2023-05-24 06:44:38] [debug] sql: SELECT * FROM `user` params: []
[2023-05-24 06:44:49] [debug] sql: SELECT * FROM `user` params: []
[2023-05-24 06:45:00] [debug] sql: SELECT * FROM `user` params: []
[2023-05-24 06:45:09] [debug] sql: SELECT * FROM `user` WHERE name like :where_0 params: {"where_0":"%adase%"}
[2023-05-24 06:45:11] [debug] sql: SELECT * FROM `user` WHERE name like :where_0 params: {"where_0":"%a%"}
[2023-05-24 06:45:13] [debug] sql: SELECT * FROM `user` params: []
[2023-05-24 06:45:24] [debug] sql: SELECT * FROM `user` params: []
[2023-05-24 06:45:40] [debug] sql: SELECT * FROM `user` params: []
[2023-05-24 06:49:42] [debug] sql: SELECT * FROM `user` params: []
[2023-05-24 06:49:49] [debug] sql: SELECT * FROM `user` params: []
[2023-05-24 06:49:53] [debug] sql: SELECT * FROM `user` params: []
[2023-05-24 06:50:01] [debug] sql: SELECT * FROM `user` params: []
[2023-05-24 06:50:06] [debug] sql: SELECT * FROM `user` params: []
[2023-05-24 06:50:30] [debug] sql: SELECT * FROM `user` params: []
[2023-05-24 06:50:48] [debug] sql: SELECT * FROM `user` params: []
[2023-05-24 06:50:54] [debug] sql: SELECT * FROM `user` params: []
[2023-05-24 06:51:33] [debug] sql: SELECT * FROM `user` params: []
[2023-05-24 06:51:40] [debug] sql: SELECT * FROM `user` params: []
[2023-05-24 06:51:57] [debug] sql: SELECT * FROM `user` params: []
[2023-05-24 06:52:13] [debug] sql: SELECT * FROM `user` params: []
[2023-05-24 06:52:32] [debug] sql: SELECT * FROM `user` params: []
[2023-05-24 06:53:53] [debug] sql: SELECT * FROM `user` params: []
[2023-05-24 06:54:00] [debug] sql: SELECT * FROM `user` params: []
[2023-05-24 06:54:16] [debug] sql: SELECT * FROM `user` params: []
[2023-05-24 06:54:21] [debug] sql: SELECT * FROM `user` WHERE name like :where_0 params: {"where_0":"%ad%"}
[2023-05-24 06:54:43] [debug] sql: SELECT * FROM `user` params: []
[2023-05-24 06:55:03] [debug] sql: SELECT * FROM `user` params: []
[2023-05-24 06:56:20] [debug] sql: SELECT * FROM `user` params: []
[2023-05-24 06:56:39] [debug] sql: SELECT * FROM `user` WHERE name like :where_0 params: {"where_0":"%%"}
[2023-05-24 06:56:41] [debug] sql: SELECT * FROM `user` WHERE name like :where_0 params: {"where_0":"%s%"}
[2023-05-24 06:56:42] [debug] sql: SELECT * FROM `user` WHERE name like :where_0 params: {"where_0":"%ss%"}
[2023-05-24 06:56:46] [debug] sql: SELECT * FROM `user` WHERE name like :where_0 params: {"where_0":"%ss%"}
[2023-05-24 06:58:43] [debug] sql: SELECT * FROM `user` params: []
[2023-05-24 06:59:09] [debug] sql: SELECT * FROM `user` params: []
[2023-05-24 06:59:14] [debug] sql: SELECT * FROM `user` params: []
[2023-05-24 06:59:40] [debug] sql: SELECT * FROM `user` params: []
[2023-05-24 07:00:24] [debug] sql: SELECT * FROM `user` params: []
[2023-05-24 07:00:27] [debug] sql: SELECT * FROM `user` WHERE name like :where_0 params: {"where_0":"%ad%"}
[2023-05-24 07:00:28] [debug] sql: SELECT * FROM `user` params: []
[2023-05-24 07:02:04] [debug] sql: SELECT * FROM `user` WHERE name like :where_0 params: {"where_0":"%a%"}
[2023-05-24 07:02:27] [debug] sql: SELECT * FROM `user` WHERE name like :where_0 params: {"where_0":"%aa%"}
[2023-05-24 07:02:58] [debug] sql: SELECT * FROM `user` params: []
[2023-05-24 07:03:03] [debug] sql: SELECT * FROM `user` params: []
[2023-05-24 07:03:15] [debug] sql: SELECT * FROM `user` params: []
[2023-05-24 07:03:34] [debug] sql: SELECT * FROM `user` params: []
[2023-05-24 07:03:46] [debug] sql: SELECT * FROM `user` params: []
[2023-05-24 07:03:56] [debug] sql: SELECT * FROM `user` params: []
[2023-05-24 07:04:20] [debug] sql: SELECT * FROM `user` params: []
[2023-05-24 07:04:41] [debug] sql: SELECT * FROM `user` params: []
[2023-05-24 07:04:46] [debug] sql: SELECT * FROM `user` params: []
[2023-05-24 07:04:54] [debug] sql: SELECT * FROM `user` params: []
[2023-05-24 07:05:10] [debug] sql: SELECT * FROM `user` params: []
[2023-05-24 07:05:16] [debug] sql: SELECT * FROM `user` params: []
[2023-05-24 07:05:48] [debug] sql: SELECT * FROM `user` params: []
[2023-05-24 07:05:54] [debug] sql: SELECT * FROM `user` params: []
[2023-05-24 07:06:36] [debug] sql: SELECT * FROM `user` params: []
[2023-05-24 07:06:41] [debug] sql: SELECT * FROM `user` WHERE name like :where_0 params: {"where_0":"%a%"}
[2023-05-24 07:06:45] [debug] sql: SELECT * FROM `user` WHERE name like :where_0 params: {"where_0":"%a%"}
[2023-05-24 07:06:46] [debug] sql: SELECT * FROM `user` WHERE name like :where_0 params: {"where_0":"%aa%"}
[2023-05-24 07:06:48] [debug] sql: SELECT * FROM `user` WHERE name like :where_0 params: {"where_0":"%aas%"}
[2023-05-24 07:11:08] [debug] sql: SELECT * FROM `user` params: []
[2023-05-24 07:12:39] [debug] sql: SELECT * FROM `user` params: []
[2023-05-24 07:12:51] [debug] sql: SELECT * FROM `user` params: []
[2023-05-24 07:12:54] [debug] sql: SELECT * FROM `user` WHERE name like :where_0 params: {"where_0":"%a%"}
[2023-05-24 07:12:55] [debug] sql: SELECT * FROM `user` WHERE name like :where_0 params: {"where_0":"%ad%"}
[2023-05-24 07:13:13] [debug] sql: SELECT * FROM `user` params: []
[2023-05-24 07:13:28] [debug] sql: SELECT * FROM `user` params: []
[2023-05-24 07:14:00] [debug] sql: SELECT * FROM `user` params: []
[2023-05-24 07:16:37] [debug] sql: SELECT * FROM `user` params: []
[2023-05-24 07:16:56] [debug] sql: SELECT * FROM `user` params: []
[2023-05-24 07:18:02] [debug] sql: SELECT * FROM `user` params: []
[2023-05-24 07:19:11] [debug] sql: SELECT * FROM `user` params: []
[2023-05-24 07:19:57] [debug] sql: SELECT * FROM `user` params: []
[2023-05-24 07:20:13] [debug] sql: SELECT * FROM `user` params: []
[2023-05-24 07:22:02] [debug] sql: SELECT * FROM `user` params: []
[2023-05-24 07:29:47] [debug] sql: SELECT * FROM `user` params: []
[2023-05-24 07:36:48] [debug] sql: SELECT * FROM `user` params: []
[2023-05-24 07:36:59] [debug] sql: SELECT * FROM `user` params: []
[2023-05-24 07:37:14] [debug] sql: SELECT * FROM `user` params: []
[2023-05-24 07:38:07] [debug] sql: SELECT * FROM `user` params: []
[2023-05-24 07:38:10] [debug] sql: SELECT * FROM `user` WHERE name like :where_0 params: {"where_0":"%a%"}
[2023-05-24 07:38:11] [debug] sql: SELECT * FROM `user` WHERE name like :where_0 params: {"where_0":"%aa%"}
[2023-05-24 07:38:14] [debug] sql: SELECT * FROM `user` WHERE name like :where_0 params: {"where_0":"%%"}
[2023-05-24 07:40:43] [debug] sql: SELECT * FROM `user` params: []
[2023-05-24 07:48:31] [debug] sql: SELECT * FROM `user` params: []
[2023-05-24 07:48:38] [debug] sql: SELECT * FROM `user` params: []
[2023-05-24 07:50:25] [debug] sql: SELECT * FROM `user` params: []
[2023-05-24 07:50:57] [debug] sql: SELECT * FROM `user` params: []
[2023-05-24 07:51:22] [debug] sql: SELECT * FROM `user` params: []
[2023-05-24 07:51:59] [debug] sql: SELECT * FROM `user` params: []
[2023-05-24 07:57:11] [debug] sql: SELECT * FROM `user` params: []
[2023-05-24 08:09:27] [debug] sql: SELECT * FROM `user` params: []
[2023-05-24 08:09:28] [debug] sql: SELECT * FROM `user` params: []
[2023-05-24 08:10:04] [debug] sql: SELECT * FROM `user` params: []
[2023-05-24 08:10:09] [debug] sql: SELECT * FROM `user` WHERE name like :where_0 params: {"where_0":"%a%"}
[2023-05-24 08:10:23] [debug] sql: SELECT * FROM `user` params: []
[2023-05-24 08:10:25] [debug] sql: SELECT * FROM `user` WHERE name like :where_0 params: {"where_0":"%a%"}
[2023-05-24 08:10:55] [debug] sql: SELECT * FROM `user` WHERE name like :where_0 params: {"where_0":"%a%"}
[2023-05-24 08:12:21] [debug] sql: SELECT * FROM `user` params: []
[2023-05-24 08:13:21] [debug] sql: SELECT * FROM `user` WHERE name like :where_0 params: {"where_0":"%a%"}
[2023-05-24 08:13:40] [debug] sql: SELECT * FROM `user` params: []
[2023-05-24 08:13:43] [debug] sql: SELECT * FROM `user` WHERE name like :where_0 params: {"where_0":"%a%"}
[2023-05-24 08:13:56] [debug] sql: SELECT * FROM `user` WHERE name like :where_0 params: {"where_0":"%a%"}
[2023-05-24 08:14:05] [debug] sql: SELECT * FROM `user` WHERE name like :where_0 params: {"where_0":"%a%"}
[2023-05-24 08:14:13] [debug] sql: SELECT * FROM `user` WHERE name like :where_0 params: {"where_0":"%a%"}
[2023-05-24 08:14:19] [debug] sql: SELECT * FROM `user` WHERE name like :where_0 params: {"where_0":"%a%"}
[2023-05-24 08:14:38] [debug] sql: SELECT * FROM `user` params: []
[2023-05-24 08:14:58] [debug] sql: SELECT * FROM `user` params: []
[2023-05-24 08:15:10] [debug] sql: SELECT * FROM `user` params: []
[2023-05-24 08:15:58] [debug] sql: SELECT * FROM `user` params: []
[2023-05-24 08:16:11] [debug] sql: SELECT * FROM `user` params: []
[2023-05-24 08:16:28] [debug] sql: SELECT * FROM `user` params: []
[2023-05-24 08:16:46] [debug] sql: SELECT * FROM `user` params: []
[2023-05-24 08:16:58] [debug] sql: SELECT * FROM `user` params: []
[2023-05-24 08:17:10] [debug] sql: SELECT * FROM `user` params: []
[2023-05-24 08:17:13] [debug] sql: SELECT * FROM `user` WHERE name like :where_0 params: {"where_0":"%asdsa%"}
[2023-05-24 08:17:14] [debug] sql: SELECT * FROM `user` WHERE name like :where_0 params: {"where_0":"%asdsaa%"}
[2023-05-24 08:17:14] [debug] sql: SELECT * FROM `user` WHERE name like :where_0 params: {"where_0":"%asdsaas%"}
[2023-05-24 08:17:31] [debug] sql: SELECT * FROM `user` params: []
[2023-05-24 08:17:54] [debug] sql: SELECT * FROM `user` params: []
[2023-05-24 08:18:04] [debug] sql: SELECT * FROM `user` params: []
[2023-05-24 08:18:06] [debug] sql: SELECT * FROM `user` WHERE name like :where_0 params: {"where_0":"%a%"}
[2023-05-24 08:18:07] [debug] sql: SELECT * FROM `user` WHERE name like :where_0 params: {"where_0":"%ad%"}
[2023-05-24 08:18:07] [debug] sql: SELECT * FROM `user` WHERE name like :where_0 params: {"where_0":"%ads%"}
[2023-05-24 08:18:07] [debug] sql: SELECT * FROM `user` WHERE name like :where_0 params: {"where_0":"%adsa%"}
[2023-05-24 08:18:12] [debug] sql: SELECT * FROM `user` params: []
[2023-05-24 08:18:28] [debug] sql: SELECT * FROM `user` params: []
[2023-05-24 08:19:00] [debug] sql: SELECT * FROM `user` params: []
[2023-05-24 08:19:05] [debug] sql: SELECT * FROM `user` params: []
[2023-05-24 08:19:21] [debug] sql: SELECT * FROM `user` params: []
[2023-05-24 08:19:26] [debug] sql: SELECT * FROM `user` params: []
[2023-05-24 08:19:38] [debug] sql: SELECT * FROM `user` params: []
[2023-05-24 08:19:59] [debug] sql: SELECT * FROM `user` params: []
[2023-05-24 08:24:59] [debug] sql: SELECT * FROM `user` params: []
[2023-05-24 08:25:32] [debug] sql: SELECT * FROM `user` WHERE name like :where_0 params: {"where_0":"%e%"}
[2023-05-24 08:25:36] [debug] sql: SELECT * FROM `user` WHERE name like :where_0 params: {"where_0":"%v%"}
[2023-05-24 08:25:37] [debug] sql: SELECT * FROM `user` WHERE name like :where_0 params: {"where_0":"%ve%"}
[2023-05-24 08:25:38] [debug] sql: SELECT * FROM `user` WHERE name like :where_0 params: {"where_0":"%vel%"}
[2023-05-24 08:25:38] [debug] sql: SELECT * FROM `user` WHERE name like :where_0 params: {"where_0":"%velm%"}
[2023-05-24 08:25:38] [debug] sql: SELECT * FROM `user` WHERE name like :where_0 params: {"where_0":"%velma%"}
[2023-05-24 08:25:47] [debug] sql: SELECT * FROM `user` params: []
[2023-05-24 08:25:53] [debug] sql: SELECT * FROM `user` WHERE name like :where_0 params: {"where_0":"%ve%"}
[2023-05-24 08:25:54] [debug] sql: SELECT * FROM `user` WHERE name like :where_0 params: {"where_0":"%ved%"}
[2023-05-24 08:25:54] [debug] sql: SELECT * FROM `user` WHERE name like :where_0 params: {"where_0":"%veds%"}
[2023-05-24 08:25:54] [debug] sql: SELECT * FROM `user` WHERE name like :where_0 params: {"where_0":"%vedsa%"}
[2023-05-24 08:25:55] [debug] sql: SELECT * FROM `user` WHERE name like :where_0 params: {"where_0":"%s%"}
[2023-05-24 08:25:56] [debug] sql: SELECT * FROM `user` WHERE name like :where_0 params: {"where_0":"%sa%"}
[2023-05-24 08:25:58] [debug] sql: SELECT * FROM `user` WHERE name like :where_0 params: {"where_0":"%sa%"}
[2023-05-24 08:26:06] [debug] sql: SELECT * FROM `user` params: []
[2023-05-24 08:26:09] [debug] sql: SELECT * FROM `user` WHERE name like :where_0 params: {"where_0":"%asddsa%"}
[2023-05-24 08:26:09] [debug] sql: SELECT * FROM `user` WHERE name like :where_0 params: {"where_0":"%asddsaa%"}
[2023-05-24 08:26:10] [debug] sql: SELECT * FROM `user` WHERE name like :where_0 params: {"where_0":"%a%"}
[2023-05-24 08:26:11] [debug] sql: SELECT * FROM `user` params: []
