[2023-05-25 06:03:23] [debug] sql: SELECT * FROM `user` params: []
[2023-05-25 06:04:12] [debug] sql: SELECT * FROM `user` params: []
[2023-05-25 06:04:59] [debug] sql: SELECT * FROM `user` params: []
[2023-05-25 06:08:12] [debug] sql: SELECT * FROM `user` params: []
[2023-05-25 06:08:36] [debug] sql: SELECT * FROM `user` params: []
[2023-05-25 06:08:52] [debug] sql: SELECT * FROM `user` params: []
[2023-05-25 06:09:11] [debug] sql: SELECT * FROM `user` params: []
[2023-05-25 06:09:21] [debug] sql: SELECT * FROM `user` params: []
[2023-05-25 06:09:31] [debug] sql: SELECT * FROM `user` params: []
[2023-05-25 06:09:39] [debug] sql: SELECT * FROM `user` params: []
[2023-05-25 06:09:54] [debug] sql: SELECT * FROM `user` params: []
[2023-05-25 06:10:03] [debug] sql: SELECT * FROM `user` params: []
[2023-05-25 06:10:10] [debug] sql: SELECT * FROM `user` params: []
[2023-05-25 06:10:16] [debug] sql: SELECT * FROM `user` params: []
[2023-05-25 06:10:23] [debug] sql: SELECT * FROM `user` params: []
[2023-05-25 06:10:37] [debug] sql: SELECT * FROM `user` params: []
[2023-05-25 06:10:44] [debug] sql: SELECT * FROM `user` params: []
[2023-05-25 06:10:57] [debug] sql: SELECT * FROM `user` params: []
[2023-05-25 06:11:26] [debug] sql: SELECT * FROM `user` params: []
[2023-05-25 06:11:40] [debug] sql: SELECT * FROM `user` params: []
[2023-05-25 06:11:51] [debug] sql: SELECT * FROM `user` params: []
[2023-05-25 06:12:13] [debug] sql: SELECT * FROM `user` params: []
[2023-05-25 06:12:30] [debug] sql: SELECT * FROM `user` params: []
[2023-05-25 06:12:49] [debug] sql: SELECT * FROM `user` params: []
[2023-05-25 06:13:08] [debug] sql: SELECT * FROM `user` params: []
[2023-05-25 06:13:19] [debug] sql: SELECT * FROM `user` params: []
[2023-05-25 06:13:32] [debug] sql: SELECT * FROM `user` params: []
[2023-05-25 06:13:39] [debug] sql: SELECT * FROM `user` params: []
[2023-05-25 06:13:52] [debug] sql: SELECT * FROM `user` params: []
[2023-05-25 06:14:23] [debug] sql: SELECT * FROM `user` params: []
[2023-05-25 06:15:13] [debug] sql: SELECT * FROM `user` params: []
[2023-05-25 06:15:58] [debug] sql: SELECT * FROM `user` params: []
[2023-05-25 06:16:47] [debug] sql: SELECT * FROM `user` params: []
[2023-05-25 06:17:53] [debug] sql: SELECT * FROM `user` params: []
[2023-05-25 06:18:06] [debug] sql: SELECT * FROM `user` params: []
[2023-05-25 06:18:26] [debug] sql: SELECT * FROM `user` params: []
[2023-05-25 06:18:38] [debug] sql: SELECT * FROM `user` params: []
[2023-05-25 06:19:10] [debug] sql: SELECT * FROM `user` params: []
[2023-05-25 06:19:19] [debug] sql: SELECT * FROM `user` params: []
[2023-05-25 06:22:07] [debug] sql: SELECT * FROM `user` params: []
[2023-05-25 06:23:45] [debug] sql: SELECT * FROM `user` params: []
[2023-05-25 06:24:15] [debug] sql: SELECT * FROM `user` params: []
[2023-05-25 06:31:04] [debug] sql: SELECT * FROM `user` params: []
[2023-05-25 06:31:19] [debug] sql: SELECT * FROM `user` params: []
[2023-05-25 06:31:32] [debug] sql: SELECT * FROM `user` params: []
[2023-05-25 06:31:46] [debug] sql: SELECT * FROM `user` params: []
[2023-05-25 06:32:46] [debug] sql: SELECT * FROM `user` params: []
[2023-05-25 06:35:56] [debug] sql: SELECT * FROM `user` params: []
[2023-05-25 06:36:02] [debug] sql: SELECT * FROM `user` params: []
[2023-05-25 06:36:47] [debug] sql: SELECT * FROM `user` params: []
[2023-05-25 06:37:30] [debug] sql: SELECT * FROM `user` params: []
[2023-05-25 06:38:06] [debug] sql: SELECT * FROM `user` params: []
[2023-05-25 06:39:14] [debug] sql: SELECT * FROM `user` params: []
[2023-05-25 06:39:51] [debug] sql: SELECT * FROM `user` params: []
[2023-05-25 06:40:11] [debug] sql: SELECT * FROM `user` params: []
[2023-05-25 06:41:04] [debug] sql: SELECT * FROM `user` params: []
[2023-05-25 06:43:19] [debug] sql: SELECT * FROM `user` params: []
[2023-05-25 06:43:31] [debug] sql: SELECT * FROM `user` params: []
[2023-05-25 06:43:42] [debug] sql: SELECT * FROM `user` params: []
[2023-05-25 06:43:53] [debug] sql: SELECT * FROM `user` params: []
[2023-05-25 06:44:12] [debug] sql: SELECT * FROM `user` params: []
[2023-05-25 06:44:44] [debug] sql: SELECT * FROM `user` params: []
[2023-05-25 06:45:16] [debug] sql: SELECT * FROM `user` params: []
[2023-05-25 06:45:28] [debug] sql: SELECT * FROM `user` params: []
[2023-05-25 06:47:41] [debug] sql: SELECT * FROM `user` params: []
[2023-05-25 06:49:45] [debug] sql: SELECT * FROM `user` params: []
[2023-05-25 06:50:15] [debug] sql: SELECT * FROM `user` params: []
[2023-05-25 06:50:57] [debug] sql: SELECT * FROM `user` params: []
[2023-05-25 06:51:30] [debug] sql: SELECT * FROM `user` params: []
[2023-05-25 06:53:46] [debug] sql: SELECT * FROM `user` params: []
[2023-05-25 06:54:04] [debug] sql: SELECT * FROM `user` params: []
[2023-05-25 06:54:40] [debug] sql: SELECT * FROM `user` params: []
[2023-05-25 06:56:22] [debug] sql: SELECT * FROM `user` params: []
[2023-05-25 06:56:37] [debug] sql: SELECT * FROM `user` params: []
[2023-05-25 07:00:54] [debug] sql: SELECT * FROM `user` params: []
[2023-05-25 07:01:10] [debug] sql: SELECT * FROM `user` params: []
[2023-05-25 07:03:47] [debug] sql: SELECT * FROM `user` WHERE name like :where_0 params: {"where_0":"%a%"}
[2023-05-25 07:03:53] [debug] sql: SELECT * FROM `user` WHERE name like :where_0 params: {"where_0":"%a%"}
[2023-05-25 07:03:55] [debug] sql: SELECT * FROM `user` WHERE name like :where_0 params: {"where_0":"%a%"}
[2023-05-25 07:03:56] [debug] sql: SELECT * FROM `user` WHERE name like :where_0 params: {"where_0":"%aa%"}
[2023-05-25 07:03:56] [debug] sql: SELECT * FROM `user` WHERE name like :where_0 params: {"where_0":"%aas%"}
[2023-05-25 07:03:57] [debug] sql: SELECT * FROM `user` WHERE name like :where_0 params: {"where_0":"%v%"}
[2023-05-25 07:03:58] [debug] sql: SELECT * FROM `user` WHERE name like :where_0 params: {"where_0":"%ve%"}
[2023-05-25 07:03:58] [debug] sql: SELECT * FROM `user` WHERE name like :where_0 params: {"where_0":"%vel%"}
[2023-05-25 07:03:58] [debug] sql: SELECT * FROM `user` WHERE name like :where_0 params: {"where_0":"%velm%"}
[2023-05-25 07:03:58] [debug] sql: SELECT * FROM `user` WHERE name like :where_0 params: {"where_0":"%velma%"}
[2023-05-25 07:05:31] [debug] sql: SELECT * FROM `user` params: []
[2023-05-25 07:05:42] [debug] sql: SELECT * FROM `user` params: []
[2023-05-25 07:06:45] [debug] sql: SELECT * FROM `user` params: []
[2023-05-25 07:07:54] [debug] sql: SELECT * FROM `user` params: []
[2023-05-25 07:08:12] [debug] sql: SELECT * FROM `user` params: []
[2023-05-25 07:08:15] [debug] sql: SELECT * FROM `user` WHERE name like :where_0 params: {"where_0":"%velas%"}
[2023-05-25 07:08:16] [debug] sql: SELECT * FROM `user` WHERE name like :where_0 params: {"where_0":"%velas%"}
[2023-05-25 07:08:17] [debug] sql: SELECT * FROM `user` WHERE name like :where_0 params: {"where_0":"%velas%"}
[2023-05-25 07:08:32] [debug] sql: SELECT * FROM `user` WHERE name like :where_0 params: {"where_0":"%velas%"}
[2023-05-25 07:08:33] [debug] sql: SELECT * FROM `user` WHERE name like :where_0 params: {"where_0":"%velas%"}
[2023-05-25 07:08:36] [debug] sql: SELECT * FROM `user` WHERE name like :where_0 params: {"where_0":"%velas%"}
[2023-05-25 07:08:40] [debug] sql: SELECT * FROM `user` params: []
[2023-05-25 07:08:42] [debug] sql: SELECT * FROM `user` WHERE name like :where_0 params: {"where_0":"%a%"}
[2023-05-25 07:08:42] [debug] sql: SELECT * FROM `user` WHERE name like :where_0 params: {"where_0":"%as%"}
[2023-05-25 07:08:42] [debug] sql: SELECT * FROM `user` WHERE name like :where_0 params: {"where_0":"%ass%"}
[2023-05-25 07:08:49] [debug] sql: SELECT * FROM `user` params: []
[2023-05-25 07:09:53] [debug] sql: SELECT * FROM `user` params: []
[2023-05-25 07:10:08] [debug] sql: SELECT * FROM `user` params: []
[2023-05-25 07:10:13] [debug] sql: SELECT * FROM `user` WHERE name like :where_0 params: {"where_0":"%a%"}
[2023-05-25 07:10:13] [debug] sql: SELECT * FROM `user` WHERE name like :where_0 params: {"where_0":"%as%"}
[2023-05-25 07:10:27] [debug] sql: SELECT * FROM `user` params: []
[2023-05-25 07:10:30] [debug] sql: SELECT * FROM `user` WHERE name like :where_0 params: {"where_0":"%asdsa%"}
[2023-05-25 07:10:30] [debug] sql: SELECT * FROM `user` WHERE name like :where_0 params: {"where_0":"%asdsaa%"}
[2023-05-25 07:10:31] [debug] sql: SELECT * FROM `user` WHERE name like :where_0 params: {"where_0":"%asdsaas%"}
[2023-05-25 07:10:31] [debug] sql: SELECT * FROM `user` WHERE name like :where_0 params: {"where_0":"%a%"}
[2023-05-25 07:10:31] [debug] sql: SELECT * FROM `user` WHERE name like :where_0 params: {"where_0":"%as%"}
[2023-05-25 07:10:32] [debug] sql: SELECT * FROM `user` WHERE name like :where_0 params: {"where_0":"%asd%"}
[2023-05-25 07:10:32] [debug] sql: SELECT * FROM `user` WHERE name like :where_0 params: {"where_0":"%asds%"}
[2023-05-25 07:10:33] [debug] sql: SELECT * FROM `user` WHERE name like :where_0 params: {"where_0":"%a%"}
[2023-05-25 07:10:33] [debug] sql: SELECT * FROM `user` WHERE name like :where_0 params: {"where_0":"%as%"}
[2023-05-25 07:10:33] [debug] sql: SELECT * FROM `user` WHERE name like :where_0 params: {"where_0":"%asd%"}
[2023-05-25 07:10:34] [debug] sql: SELECT * FROM `user` WHERE name like :where_0 params: {"where_0":"%a%"}
[2023-05-25 07:10:34] [debug] sql: SELECT * FROM `user` WHERE name like :where_0 params: {"where_0":"%as%"}
[2023-05-25 07:10:35] [debug] sql: SELECT * FROM `user` WHERE name like :where_0 params: {"where_0":"%d%"}
[2023-05-25 07:10:36] [debug] sql: SELECT * FROM `user` WHERE name like :where_0 params: {"where_0":"%a%"}
[2023-05-25 07:10:36] [debug] sql: SELECT * FROM `user` WHERE name like :where_0 params: {"where_0":"%as%"}
[2023-05-25 07:10:36] [debug] sql: SELECT * FROM `user` WHERE name like :where_0 params: {"where_0":"%asd%"}
[2023-05-25 07:11:27] [debug] sql: SELECT * FROM `user` params: []
[2023-05-25 07:11:46] [debug] sql: SELECT * FROM `user` params: []
[2023-05-25 07:11:53] [debug] sql: SELECT * FROM `user` params: []
[2023-05-25 07:11:59] [debug] sql: SELECT * FROM `user` params: []
[2023-05-25 07:12:01] [debug] sql: SELECT * FROM `user` WHERE name like :where_0 params: {"where_0":"%a%"}
[2023-05-25 07:12:01] [debug] sql: SELECT * FROM `user` WHERE name like :where_0 params: {"where_0":"%s%"}
[2023-05-25 07:12:05] [debug] sql: SELECT * FROM `user` params: []
[2023-05-25 07:12:06] [debug] sql: SELECT * FROM `user` WHERE name like :where_0 params: {"where_0":"%as%"}
[2023-05-25 07:12:07] [debug] sql: SELECT * FROM `user` WHERE name like :where_0 params: {"where_0":"%as%"}
[2023-05-25 07:12:20] [debug] sql: SELECT * FROM `user` WHERE name like :where_0 params: {"where_0":"%as%"}
[2023-05-25 07:12:21] [debug] sql: SELECT * FROM `user` WHERE name like :where_0 params: {"where_0":"%as%"}
[2023-05-25 07:12:22] [debug] sql: SELECT * FROM `user` WHERE name like :where_0 params: {"where_0":"%as%"}
[2023-05-25 07:12:56] [debug] sql: SELECT * FROM `user` params: []
[2023-05-25 07:13:03] [debug] sql: SELECT * FROM `user` WHERE name like :where_0 params: {"where_0":"%a%"}
[2023-05-25 07:13:04] [debug] sql: SELECT * FROM `user` params: []
[2023-05-25 07:13:19] [debug] sql: SELECT * FROM `user` params: []
[2023-05-25 07:13:20] [debug] sql: SELECT * FROM `user` params: []
[2023-05-25 07:13:23] [debug] sql: SELECT * FROM `user` params: []
[2023-05-25 07:13:32] [debug] sql: SELECT * FROM `user` params: []
[2023-05-25 07:13:37] [debug] sql: SELECT * FROM `user` params: []
[2023-05-25 07:14:06] [debug] sql: SELECT * FROM `user` params: []
[2023-05-25 07:14:21] [debug] sql: SELECT * FROM `user` params: []
[2023-05-25 07:14:30] [debug] sql: SELECT * FROM `user` params: []
[2023-05-25 07:15:10] [debug] sql: SELECT * FROM `user` params: []
[2023-05-25 07:15:16] [debug] sql: SELECT * FROM `user` params: []
[2023-05-25 07:15:23] [debug] sql: SELECT * FROM `user` params: []
[2023-05-25 07:15:59] [debug] sql: SELECT * FROM `user` params: []
[2023-05-25 07:16:04] [debug] sql: SELECT * FROM `user` WHERE name like :where_0 params: {"where_0":"%as%"}
[2023-05-25 07:16:06] [debug] sql: SELECT * FROM `user` WHERE name like :where_0 params: {"where_0":"%as%"}
[2023-05-25 07:16:20] [debug] sql: SELECT * FROM `user` params: []
[2023-05-25 07:16:43] [debug] sql: SELECT * FROM `user` params: []
[2023-05-25 07:16:49] [debug] sql: SELECT * FROM `user` params: []
[2023-05-25 07:17:28] [debug] sql: SELECT * FROM `user` params: []
[2023-05-25 07:17:46] [debug] sql: SELECT * FROM `user` params: []
[2023-05-25 07:18:13] [debug] sql: SELECT * FROM `user` params: []
[2023-05-25 07:18:17] [debug] sql: SELECT * FROM `user` params: []
[2023-05-25 07:18:19] [debug] sql: SELECT * FROM `user` WHERE name like :where_0 params: {"where_0":"%asd%"}
[2023-05-25 07:18:21] [debug] sql: SELECT * FROM `user` WHERE name like :where_0 params: {"where_0":"%v%"}
[2023-05-25 07:18:21] [debug] sql: SELECT * FROM `user` WHERE name like :where_0 params: {"where_0":"%ve%"}
[2023-05-25 07:18:22] [debug] sql: SELECT * FROM `user` WHERE name like :where_0 params: {"where_0":"%vem%"}
[2023-05-25 07:18:22] [debug] sql: SELECT * FROM `user` WHERE name like :where_0 params: {"where_0":"%ve%"}
[2023-05-25 07:18:22] [debug] sql: SELECT * FROM `user` WHERE name like :where_0 params: {"where_0":"%vel%"}
[2023-05-25 07:18:23] [debug] sql: SELECT * FROM `user` params: []
[2023-05-25 07:19:06] [debug] sql: SELECT * FROM `user` params: []
[2023-05-25 07:19:16] [debug] sql: SELECT * FROM `user` params: []
[2023-05-25 07:19:28] [debug] sql: SELECT * FROM `user` params: []
[2023-05-25 07:19:39] [debug] sql: SELECT * FROM `user` WHERE name like :where_0 params: {"where_0":"%%"}
[2023-05-25 07:19:42] [debug] sql: SELECT * FROM `user` WHERE name like :where_0 params: {"where_0":"%a%"}
[2023-05-25 07:19:47] [debug] sql: SELECT * FROM `user` WHERE name like :where_0 params: {"where_0":"%a%"}
[2023-05-25 07:19:55] [debug] sql: SELECT * FROM `user` WHERE name like :where_0 params: {"where_0":"%a%"}
[2023-05-25 07:19:58] [debug] sql: SELECT * FROM `user` WHERE name like :where_0 params: {"where_0":"%a%"}
[2023-05-25 07:19:59] [debug] sql: SELECT * FROM `user` params: []
[2023-05-25 10:08:05] [debug] sql: SELECT * FROM `user` params: []
[2023-05-25 10:08:53] [debug] sql: SELECT * FROM `user` params: []
[2023-05-25 10:10:06] [debug] sql: SELECT * FROM `user` WHERE name like :where_0 params: {"where_0":"%as%"}
[2023-05-25 10:10:07] [debug] sql: SELECT * FROM `user` WHERE name like :where_0 params: {"where_0":"%v%"}
[2023-05-25 10:10:07] [debug] sql: SELECT * FROM `user` WHERE name like :where_0 params: {"where_0":"%ve%"}
[2023-05-25 10:10:07] [debug] sql: SELECT * FROM `user` WHERE name like :where_0 params: {"where_0":"%vel%"}
[2023-05-25 10:10:07] [debug] sql: SELECT * FROM `user` WHERE name like :where_0 params: {"where_0":"%vela%"}
[2023-05-25 10:10:07] [debug] sql: SELECT * FROM `user` WHERE name like :where_0 params: {"where_0":"%velam%"}
[2023-05-25 10:10:08] [debug] sql: SELECT * FROM `user` WHERE name like :where_0 params: {"where_0":"%vela%"}
[2023-05-25 10:10:08] [debug] sql: SELECT * FROM `user` WHERE name like :where_0 params: {"where_0":"%vel%"}
[2023-05-25 10:10:08] [debug] sql: SELECT * FROM `user` WHERE name like :where_0 params: {"where_0":"%ve%"}
[2023-05-25 10:10:08] [debug] sql: SELECT * FROM `user` WHERE name like :where_0 params: {"where_0":"%v%"}
[2023-05-25 10:10:10] [debug] sql: SELECT * FROM `user` WHERE name like :where_0 params: {"where_0":"%d%"}
[2023-05-25 10:10:10] [debug] sql: SELECT * FROM `user` WHERE name like :where_0 params: {"where_0":"%ds%"}
[2023-05-25 10:10:10] [debug] sql: SELECT * FROM `user` WHERE name like :where_0 params: {"where_0":"%dsa%"}
[2023-05-25 10:10:10] [debug] sql: SELECT * FROM `user` WHERE name like :where_0 params: {"where_0":"%dsad%"}
[2023-05-25 10:10:10] [debug] sql: SELECT * FROM `user` WHERE name like :where_0 params: {"where_0":"%dsa%"}
[2023-05-25 10:10:10] [debug] sql: SELECT * FROM `user` WHERE name like :where_0 params: {"where_0":"%ds%"}
[2023-05-25 10:10:10] [debug] sql: SELECT * FROM `user` WHERE name like :where_0 params: {"where_0":"%d%"}
[2023-05-25 10:10:12] [debug] sql: SELECT * FROM `user` WHERE name like :where_0 params: {"where_0":"%d%"}
[2023-05-25 10:10:12] [debug] sql: SELECT * FROM `user` WHERE name like :where_0 params: {"where_0":"%da%"}
[2023-05-25 10:10:13] [debug] sql: SELECT * FROM `user` WHERE name like :where_0 params: {"where_0":"%dap%"}
[2023-05-25 10:10:16] [debug] sql: SELECT * FROM `user` params: []
[2023-05-25 10:10:49] [debug] sql: SELECT * FROM `user` params: []
[2023-05-25 10:12:10] [debug] sql: SELECT * FROM `user` params: []
[2023-05-25 10:12:27] [debug] sql: SELECT * FROM `user` params: []
[2023-05-25 10:12:41] [debug] sql: SELECT * FROM `user` params: []
[2023-05-25 10:13:49] [debug] sql: SELECT * FROM `user` params: []
[2023-05-25 10:15:02] [debug] sql: SELECT * FROM `user` params: []
[2023-05-25 10:16:41] [debug] sql: SELECT * FROM `user` params: []
[2023-05-25 10:17:51] [debug] sql: SELECT * FROM `user` params: []
[2023-05-25 10:18:10] [debug] sql: SELECT * FROM `user` params: []
[2023-05-25 10:19:30] [debug] sql: SELECT * FROM `user` params: []
[2023-05-25 10:20:20] [debug] sql: SELECT * FROM `user` params: []
[2023-05-25 10:20:40] [debug] sql: SELECT * FROM `user` params: []
[2023-05-25 10:21:34] [debug] sql: SELECT * FROM `user` params: []
[2023-05-25 10:22:09] [debug] sql: SELECT * FROM `user` params: []
[2023-05-25 10:22:23] [debug] sql: SELECT * FROM `user` params: []
[2023-05-25 10:22:47] [debug] sql: SELECT * FROM `user` params: []
